Start testing: Sep 07 13:09 CDT
----------------------------------------------------------
1/63 Testing: KBNSumTest.DefaultConstructor
1/63 Test: KBNSumTest.DefaultConstructor
Command: "/home/spinoza/github/alpha/algebraic_reducers/build/tests/test_kbn_sum" "--gtest_filter=KBNSumTest.DefaultConstructor" "--gtest_also_run_disabled_tests"
Directory: /home/spinoza/github/alpha/algebraic_reducers/build/tests
"KBNSumTest.DefaultConstructor" start time: Sep 07 13:09 CDT
Output:
----------------------------------------------------------
Running main() from ./googletest/src/gtest_main.cc
Note: Google Test filter = KBNSumTest.DefaultConstructor
[==========] Running 1 test from 1 test suite.
[----------] Global test environment set-up.
[----------] 1 test from KBNSumTest
[ RUN      ] KBNSumTest.DefaultConstructor
[       OK ] KBNSumTest.DefaultConstructor (0 ms)
[----------] 1 test from KBNSumTest (0 ms total)

[----------] Global test environment tear-down
[==========] 1 test from 1 test suite ran. (0 ms total)
[  PASSED  ] 1 test.
<end of output>
Test time =   0.00 sec
----------------------------------------------------------
Test Passed.
"KBNSumTest.DefaultConstructor" end time: Sep 07 13:09 CDT
"KBNSumTest.DefaultConstructor" time elapsed: 00:00:00
----------------------------------------------------------

2/63 Testing: KBNSumTest.ValueConstructor
2/63 Test: KBNSumTest.ValueConstructor
Command: "/home/spinoza/github/alpha/algebraic_reducers/build/tests/test_kbn_sum" "--gtest_filter=KBNSumTest.ValueConstructor" "--gtest_also_run_disabled_tests"
Directory: /home/spinoza/github/alpha/algebraic_reducers/build/tests
"KBNSumTest.ValueConstructor" start time: Sep 07 13:09 CDT
Output:
----------------------------------------------------------
Running main() from ./googletest/src/gtest_main.cc
Note: Google Test filter = KBNSumTest.ValueConstructor
[==========] Running 1 test from 1 test suite.
[----------] Global test environment set-up.
[----------] 1 test from KBNSumTest
[ RUN      ] KBNSumTest.ValueConstructor
[       OK ] KBNSumTest.ValueConstructor (0 ms)
[----------] 1 test from KBNSumTest (0 ms total)

[----------] Global test environment tear-down
[==========] 1 test from 1 test suite ran. (0 ms total)
[  PASSED  ] 1 test.
<end of output>
Test time =   0.00 sec
----------------------------------------------------------
Test Passed.
"KBNSumTest.ValueConstructor" end time: Sep 07 13:09 CDT
"KBNSumTest.ValueConstructor" time elapsed: 00:00:00
----------------------------------------------------------

3/63 Testing: KBNSumTest.CopyConstructor
3/63 Test: KBNSumTest.CopyConstructor
Command: "/home/spinoza/github/alpha/algebraic_reducers/build/tests/test_kbn_sum" "--gtest_filter=KBNSumTest.CopyConstructor" "--gtest_also_run_disabled_tests"
Directory: /home/spinoza/github/alpha/algebraic_reducers/build/tests
"KBNSumTest.CopyConstructor" start time: Sep 07 13:09 CDT
Output:
----------------------------------------------------------
Running main() from ./googletest/src/gtest_main.cc
Note: Google Test filter = KBNSumTest.CopyConstructor
[==========] Running 1 test from 1 test suite.
[----------] Global test environment set-up.
[----------] 1 test from KBNSumTest
[ RUN      ] KBNSumTest.CopyConstructor
[       OK ] KBNSumTest.CopyConstructor (0 ms)
[----------] 1 test from KBNSumTest (0 ms total)

[----------] Global test environment tear-down
[==========] 1 test from 1 test suite ran. (0 ms total)
[  PASSED  ] 1 test.
<end of output>
Test time =   0.00 sec
----------------------------------------------------------
Test Passed.
"KBNSumTest.CopyConstructor" end time: Sep 07 13:09 CDT
"KBNSumTest.CopyConstructor" time elapsed: 00:00:00
----------------------------------------------------------

4/63 Testing: KBNSumTest.CopyAssignment
4/63 Test: KBNSumTest.CopyAssignment
Command: "/home/spinoza/github/alpha/algebraic_reducers/build/tests/test_kbn_sum" "--gtest_filter=KBNSumTest.CopyAssignment" "--gtest_also_run_disabled_tests"
Directory: /home/spinoza/github/alpha/algebraic_reducers/build/tests
"KBNSumTest.CopyAssignment" start time: Sep 07 13:09 CDT
Output:
----------------------------------------------------------
Running main() from ./googletest/src/gtest_main.cc
Note: Google Test filter = KBNSumTest.CopyAssignment
[==========] Running 1 test from 1 test suite.
[----------] Global test environment set-up.
[----------] 1 test from KBNSumTest
[ RUN      ] KBNSumTest.CopyAssignment
[       OK ] KBNSumTest.CopyAssignment (0 ms)
[----------] 1 test from KBNSumTest (0 ms total)

[----------] Global test environment tear-down
[==========] 1 test from 1 test suite ran. (0 ms total)
[  PASSED  ] 1 test.
<end of output>
Test time =   0.00 sec
----------------------------------------------------------
Test Passed.
"KBNSumTest.CopyAssignment" end time: Sep 07 13:09 CDT
"KBNSumTest.CopyAssignment" time elapsed: 00:00:00
----------------------------------------------------------

5/63 Testing: KBNSumTest.ValueAssignment
5/63 Test: KBNSumTest.ValueAssignment
Command: "/home/spinoza/github/alpha/algebraic_reducers/build/tests/test_kbn_sum" "--gtest_filter=KBNSumTest.ValueAssignment" "--gtest_also_run_disabled_tests"
Directory: /home/spinoza/github/alpha/algebraic_reducers/build/tests
"KBNSumTest.ValueAssignment" start time: Sep 07 13:09 CDT
Output:
----------------------------------------------------------
Running main() from ./googletest/src/gtest_main.cc
Note: Google Test filter = KBNSumTest.ValueAssignment
[==========] Running 1 test from 1 test suite.
[----------] Global test environment set-up.
[----------] 1 test from KBNSumTest
[ RUN      ] KBNSumTest.ValueAssignment
[       OK ] KBNSumTest.ValueAssignment (0 ms)
[----------] 1 test from KBNSumTest (0 ms total)

[----------] Global test environment tear-down
[==========] 1 test from 1 test suite ran. (0 ms total)
[  PASSED  ] 1 test.
<end of output>
Test time =   0.00 sec
----------------------------------------------------------
Test Passed.
"KBNSumTest.ValueAssignment" end time: Sep 07 13:09 CDT
"KBNSumTest.ValueAssignment" time elapsed: 00:00:00
----------------------------------------------------------

6/63 Testing: KBNSumTest.ConversionOperator
6/63 Test: KBNSumTest.ConversionOperator
Command: "/home/spinoza/github/alpha/algebraic_reducers/build/tests/test_kbn_sum" "--gtest_filter=KBNSumTest.ConversionOperator" "--gtest_also_run_disabled_tests"
Directory: /home/spinoza/github/alpha/algebraic_reducers/build/tests
"KBNSumTest.ConversionOperator" start time: Sep 07 13:09 CDT
Output:
----------------------------------------------------------
Running main() from ./googletest/src/gtest_main.cc
Note: Google Test filter = KBNSumTest.ConversionOperator
[==========] Running 1 test from 1 test suite.
[----------] Global test environment set-up.
[----------] 1 test from KBNSumTest
[ RUN      ] KBNSumTest.ConversionOperator
[       OK ] KBNSumTest.ConversionOperator (0 ms)
[----------] 1 test from KBNSumTest (0 ms total)

[----------] Global test environment tear-down
[==========] 1 test from 1 test suite ran. (0 ms total)
[  PASSED  ] 1 test.
<end of output>
Test time =   0.00 sec
----------------------------------------------------------
Test Passed.
"KBNSumTest.ConversionOperator" end time: Sep 07 13:09 CDT
"KBNSumTest.ConversionOperator" time elapsed: 00:00:00
----------------------------------------------------------

7/63 Testing: KBNSumTest.EvalMethod
7/63 Test: KBNSumTest.EvalMethod
Command: "/home/spinoza/github/alpha/algebraic_reducers/build/tests/test_kbn_sum" "--gtest_filter=KBNSumTest.EvalMethod" "--gtest_also_run_disabled_tests"
Directory: /home/spinoza/github/alpha/algebraic_reducers/build/tests
"KBNSumTest.EvalMethod" start time: Sep 07 13:09 CDT
Output:
----------------------------------------------------------
Running main() from ./googletest/src/gtest_main.cc
Note: Google Test filter = KBNSumTest.EvalMethod
[==========] Running 1 test from 1 test suite.
[----------] Global test environment set-up.
[----------] 1 test from KBNSumTest
[ RUN      ] KBNSumTest.EvalMethod
[       OK ] KBNSumTest.EvalMethod (0 ms)
[----------] 1 test from KBNSumTest (0 ms total)

[----------] Global test environment tear-down
[==========] 1 test from 1 test suite ran. (0 ms total)
[  PASSED  ] 1 test.
<end of output>
Test time =   0.00 sec
----------------------------------------------------------
Test Passed.
"KBNSumTest.EvalMethod" end time: Sep 07 13:09 CDT
"KBNSumTest.EvalMethod" time elapsed: 00:00:00
----------------------------------------------------------

8/63 Testing: KBNSumTest.AdditionWithScalar
8/63 Test: KBNSumTest.AdditionWithScalar
Command: "/home/spinoza/github/alpha/algebraic_reducers/build/tests/test_kbn_sum" "--gtest_filter=KBNSumTest.AdditionWithScalar" "--gtest_also_run_disabled_tests"
Directory: /home/spinoza/github/alpha/algebraic_reducers/build/tests
"KBNSumTest.AdditionWithScalar" start time: Sep 07 13:09 CDT
Output:
----------------------------------------------------------
Running main() from ./googletest/src/gtest_main.cc
Note: Google Test filter = KBNSumTest.AdditionWithScalar
[==========] Running 1 test from 1 test suite.
[----------] Global test environment set-up.
[----------] 1 test from KBNSumTest
[ RUN      ] KBNSumTest.AdditionWithScalar
[       OK ] KBNSumTest.AdditionWithScalar (0 ms)
[----------] 1 test from KBNSumTest (0 ms total)

[----------] Global test environment tear-down
[==========] 1 test from 1 test suite ran. (0 ms total)
[  PASSED  ] 1 test.
<end of output>
Test time =   0.00 sec
----------------------------------------------------------
Test Passed.
"KBNSumTest.AdditionWithScalar" end time: Sep 07 13:09 CDT
"KBNSumTest.AdditionWithScalar" time elapsed: 00:00:00
----------------------------------------------------------

9/63 Testing: KBNSumTest.AdditionWithKBNSum
9/63 Test: KBNSumTest.AdditionWithKBNSum
Command: "/home/spinoza/github/alpha/algebraic_reducers/build/tests/test_kbn_sum" "--gtest_filter=KBNSumTest.AdditionWithKBNSum" "--gtest_also_run_disabled_tests"
Directory: /home/spinoza/github/alpha/algebraic_reducers/build/tests
"KBNSumTest.AdditionWithKBNSum" start time: Sep 07 13:09 CDT
Output:
----------------------------------------------------------
Running main() from ./googletest/src/gtest_main.cc
Note: Google Test filter = KBNSumTest.AdditionWithKBNSum
[==========] Running 1 test from 1 test suite.
[----------] Global test environment set-up.
[----------] 1 test from KBNSumTest
[ RUN      ] KBNSumTest.AdditionWithKBNSum
[       OK ] KBNSumTest.AdditionWithKBNSum (0 ms)
[----------] 1 test from KBNSumTest (0 ms total)

[----------] Global test environment tear-down
[==========] 1 test from 1 test suite ran. (0 ms total)
[  PASSED  ] 1 test.
<end of output>
Test time =   0.00 sec
----------------------------------------------------------
Test Passed.
"KBNSumTest.AdditionWithKBNSum" end time: Sep 07 13:09 CDT
"KBNSumTest.AdditionWithKBNSum" time elapsed: 00:00:00
----------------------------------------------------------

10/63 Testing: KBNSumTest.BinaryAddition
10/63 Test: KBNSumTest.BinaryAddition
Command: "/home/spinoza/github/alpha/algebraic_reducers/build/tests/test_kbn_sum" "--gtest_filter=KBNSumTest.BinaryAddition" "--gtest_also_run_disabled_tests"
Directory: /home/spinoza/github/alpha/algebraic_reducers/build/tests
"KBNSumTest.BinaryAddition" start time: Sep 07 13:09 CDT
Output:
----------------------------------------------------------
Running main() from ./googletest/src/gtest_main.cc
Note: Google Test filter = KBNSumTest.BinaryAddition
[==========] Running 1 test from 1 test suite.
[----------] Global test environment set-up.
[----------] 1 test from KBNSumTest
[ RUN      ] KBNSumTest.BinaryAddition
[       OK ] KBNSumTest.BinaryAddition (0 ms)
[----------] 1 test from KBNSumTest (0 ms total)

[----------] Global test environment tear-down
[==========] 1 test from 1 test suite ran. (0 ms total)
[  PASSED  ] 1 test.
<end of output>
Test time =   0.00 sec
----------------------------------------------------------
Test Passed.
"KBNSumTest.BinaryAddition" end time: Sep 07 13:09 CDT
"KBNSumTest.BinaryAddition" time elapsed: 00:00:00
----------------------------------------------------------

11/63 Testing: KBNSumTest.ComparisonOperators
11/63 Test: KBNSumTest.ComparisonOperators
Command: "/home/spinoza/github/alpha/algebraic_reducers/build/tests/test_kbn_sum" "--gtest_filter=KBNSumTest.ComparisonOperators" "--gtest_also_run_disabled_tests"
Directory: /home/spinoza/github/alpha/algebraic_reducers/build/tests
"KBNSumTest.ComparisonOperators" start time: Sep 07 13:09 CDT
Output:
----------------------------------------------------------
Running main() from ./googletest/src/gtest_main.cc
Note: Google Test filter = KBNSumTest.ComparisonOperators
[==========] Running 1 test from 1 test suite.
[----------] Global test environment set-up.
[----------] 1 test from KBNSumTest
[ RUN      ] KBNSumTest.ComparisonOperators
[       OK ] KBNSumTest.ComparisonOperators (0 ms)
[----------] 1 test from KBNSumTest (0 ms total)

[----------] Global test environment tear-down
[==========] 1 test from 1 test suite ran. (0 ms total)
[  PASSED  ] 1 test.
<end of output>
Test time =   0.00 sec
----------------------------------------------------------
Test Passed.
"KBNSumTest.ComparisonOperators" end time: Sep 07 13:09 CDT
"KBNSumTest.ComparisonOperators" time elapsed: 00:00:00
----------------------------------------------------------

12/63 Testing: KBNSumTest.ReduceMethod
12/63 Test: KBNSumTest.ReduceMethod
Command: "/home/spinoza/github/alpha/algebraic_reducers/build/tests/test_kbn_sum" "--gtest_filter=KBNSumTest.ReduceMethod" "--gtest_also_run_disabled_tests"
Directory: /home/spinoza/github/alpha/algebraic_reducers/build/tests
"KBNSumTest.ReduceMethod" start time: Sep 07 13:09 CDT
Output:
----------------------------------------------------------
Running main() from ./googletest/src/gtest_main.cc
Note: Google Test filter = KBNSumTest.ReduceMethod
[==========] Running 1 test from 1 test suite.
[----------] Global test environment set-up.
[----------] 1 test from KBNSumTest
[ RUN      ] KBNSumTest.ReduceMethod
[       OK ] KBNSumTest.ReduceMethod (0 ms)
[----------] 1 test from KBNSumTest (0 ms total)

[----------] Global test environment tear-down
[==========] 1 test from 1 test suite ran. (0 ms total)
[  PASSED  ] 1 test.
<end of output>
Test time =   0.00 sec
----------------------------------------------------------
Test Passed.
"KBNSumTest.ReduceMethod" end time: Sep 07 13:09 CDT
"KBNSumTest.ReduceMethod" time elapsed: 00:00:00
----------------------------------------------------------

13/63 Testing: KBNSumTest.ReduceMethodArray
13/63 Test: KBNSumTest.ReduceMethodArray
Command: "/home/spinoza/github/alpha/algebraic_reducers/build/tests/test_kbn_sum" "--gtest_filter=KBNSumTest.ReduceMethodArray" "--gtest_also_run_disabled_tests"
Directory: /home/spinoza/github/alpha/algebraic_reducers/build/tests
"KBNSumTest.ReduceMethodArray" start time: Sep 07 13:09 CDT
Output:
----------------------------------------------------------
Running main() from ./googletest/src/gtest_main.cc
Note: Google Test filter = KBNSumTest.ReduceMethodArray
[==========] Running 1 test from 1 test suite.
[----------] Global test environment set-up.
[----------] 1 test from KBNSumTest
[ RUN      ] KBNSumTest.ReduceMethodArray
[       OK ] KBNSumTest.ReduceMethodArray (0 ms)
[----------] 1 test from KBNSumTest (0 ms total)

[----------] Global test environment tear-down
[==========] 1 test from 1 test suite ran. (0 ms total)
[  PASSED  ] 1 test.
<end of output>
Test time =   0.00 sec
----------------------------------------------------------
Test Passed.
"KBNSumTest.ReduceMethodArray" end time: Sep 07 13:09 CDT
"KBNSumTest.ReduceMethodArray" time elapsed: 00:00:00
----------------------------------------------------------

14/63 Testing: KBNSumTest.NumericalAccuracy
14/63 Test: KBNSumTest.NumericalAccuracy
Command: "/home/spinoza/github/alpha/algebraic_reducers/build/tests/test_kbn_sum" "--gtest_filter=KBNSumTest.NumericalAccuracy" "--gtest_also_run_disabled_tests"
Directory: /home/spinoza/github/alpha/algebraic_reducers/build/tests
"KBNSumTest.NumericalAccuracy" start time: Sep 07 13:09 CDT
Output:
----------------------------------------------------------
Running main() from ./googletest/src/gtest_main.cc
Note: Google Test filter = KBNSumTest.NumericalAccuracy
[==========] Running 1 test from 1 test suite.
[----------] Global test environment set-up.
[----------] 1 test from KBNSumTest
[ RUN      ] KBNSumTest.NumericalAccuracy
[       OK ] KBNSumTest.NumericalAccuracy (0 ms)
[----------] 1 test from KBNSumTest (0 ms total)

[----------] Global test environment tear-down
[==========] 1 test from 1 test suite ran. (0 ms total)
[  PASSED  ] 1 test.
<end of output>
Test time =   0.00 sec
----------------------------------------------------------
Test Passed.
"KBNSumTest.NumericalAccuracy" end time: Sep 07 13:09 CDT
"KBNSumTest.NumericalAccuracy" time elapsed: 00:00:00
----------------------------------------------------------

15/63 Testing: KBNSumTest.ManySmallValues
15/63 Test: KBNSumTest.ManySmallValues
Command: "/home/spinoza/github/alpha/algebraic_reducers/build/tests/test_kbn_sum" "--gtest_filter=KBNSumTest.ManySmallValues" "--gtest_also_run_disabled_tests"
Directory: /home/spinoza/github/alpha/algebraic_reducers/build/tests
"KBNSumTest.ManySmallValues" start time: Sep 07 13:09 CDT
Output:
----------------------------------------------------------
Running main() from ./googletest/src/gtest_main.cc
Note: Google Test filter = KBNSumTest.ManySmallValues
[==========] Running 1 test from 1 test suite.
[----------] Global test environment set-up.
[----------] 1 test from KBNSumTest
[ RUN      ] KBNSumTest.ManySmallValues
[       OK ] KBNSumTest.ManySmallValues (0 ms)
[----------] 1 test from KBNSumTest (0 ms total)

[----------] Global test environment tear-down
[==========] 1 test from 1 test suite ran. (0 ms total)
[  PASSED  ] 1 test.
<end of output>
Test time =   0.00 sec
----------------------------------------------------------
Test Passed.
"KBNSumTest.ManySmallValues" end time: Sep 07 13:09 CDT
"KBNSumTest.ManySmallValues" time elapsed: 00:00:00
----------------------------------------------------------

16/63 Testing: KBNSumTest.MixedSignValues
16/63 Test: KBNSumTest.MixedSignValues
Command: "/home/spinoza/github/alpha/algebraic_reducers/build/tests/test_kbn_sum" "--gtest_filter=KBNSumTest.MixedSignValues" "--gtest_also_run_disabled_tests"
Directory: /home/spinoza/github/alpha/algebraic_reducers/build/tests
"KBNSumTest.MixedSignValues" start time: Sep 07 13:09 CDT
Output:
----------------------------------------------------------
Running main() from ./googletest/src/gtest_main.cc
Note: Google Test filter = KBNSumTest.MixedSignValues
[==========] Running 1 test from 1 test suite.
[----------] Global test environment set-up.
[----------] 1 test from KBNSumTest
[ RUN      ] KBNSumTest.MixedSignValues
[       OK ] KBNSumTest.MixedSignValues (0 ms)
[----------] 1 test from KBNSumTest (0 ms total)

[----------] Global test environment tear-down
[==========] 1 test from 1 test suite ran. (0 ms total)
[  PASSED  ] 1 test.
<end of output>
Test time =   0.00 sec
----------------------------------------------------------
Test Passed.
"KBNSumTest.MixedSignValues" end time: Sep 07 13:09 CDT
"KBNSumTest.MixedSignValues" time elapsed: 00:00:00
----------------------------------------------------------

17/63 Testing: KBNSumTest.AbsFunction
17/63 Test: KBNSumTest.AbsFunction
Command: "/home/spinoza/github/alpha/algebraic_reducers/build/tests/test_kbn_sum" "--gtest_filter=KBNSumTest.AbsFunction" "--gtest_also_run_disabled_tests"
Directory: /home/spinoza/github/alpha/algebraic_reducers/build/tests
"KBNSumTest.AbsFunction" start time: Sep 07 13:09 CDT
Output:
----------------------------------------------------------
Running main() from ./googletest/src/gtest_main.cc
Note: Google Test filter = KBNSumTest.AbsFunction
[==========] Running 1 test from 1 test suite.
[----------] Global test environment set-up.
[----------] 1 test from KBNSumTest
[ RUN      ] KBNSumTest.AbsFunction
[       OK ] KBNSumTest.AbsFunction (0 ms)
[----------] 1 test from KBNSumTest (0 ms total)

[----------] Global test environment tear-down
[==========] 1 test from 1 test suite ran. (0 ms total)
[  PASSED  ] 1 test.
<end of output>
Test time =   0.00 sec
----------------------------------------------------------
Test Passed.
"KBNSumTest.AbsFunction" end time: Sep 07 13:09 CDT
"KBNSumTest.AbsFunction" time elapsed: 00:00:00
----------------------------------------------------------

18/63 Testing: KBNSumTest.FloatType
18/63 Test: KBNSumTest.FloatType
Command: "/home/spinoza/github/alpha/algebraic_reducers/build/tests/test_kbn_sum" "--gtest_filter=KBNSumTest.FloatType" "--gtest_also_run_disabled_tests"
Directory: /home/spinoza/github/alpha/algebraic_reducers/build/tests
"KBNSumTest.FloatType" start time: Sep 07 13:09 CDT
Output:
----------------------------------------------------------
Running main() from ./googletest/src/gtest_main.cc
Note: Google Test filter = KBNSumTest.FloatType
[==========] Running 1 test from 1 test suite.
[----------] Global test environment set-up.
[----------] 1 test from KBNSumTest
[ RUN      ] KBNSumTest.FloatType
[       OK ] KBNSumTest.FloatType (0 ms)
[----------] 1 test from KBNSumTest (0 ms total)

[----------] Global test environment tear-down
[==========] 1 test from 1 test suite ran. (0 ms total)
[  PASSED  ] 1 test.
<end of output>
Test time =   0.00 sec
----------------------------------------------------------
Test Passed.
"KBNSumTest.FloatType" end time: Sep 07 13:09 CDT
"KBNSumTest.FloatType" time elapsed: 00:00:00
----------------------------------------------------------

19/63 Testing: KBNSumTest.ZeroOperations
19/63 Test: KBNSumTest.ZeroOperations
Command: "/home/spinoza/github/alpha/algebraic_reducers/build/tests/test_kbn_sum" "--gtest_filter=KBNSumTest.ZeroOperations" "--gtest_also_run_disabled_tests"
Directory: /home/spinoza/github/alpha/algebraic_reducers/build/tests
"KBNSumTest.ZeroOperations" start time: Sep 07 13:09 CDT
Output:
----------------------------------------------------------
Running main() from ./googletest/src/gtest_main.cc
Note: Google Test filter = KBNSumTest.ZeroOperations
[==========] Running 1 test from 1 test suite.
[----------] Global test environment set-up.
[----------] 1 test from KBNSumTest
[ RUN      ] KBNSumTest.ZeroOperations
[       OK ] KBNSumTest.ZeroOperations (0 ms)
[----------] 1 test from KBNSumTest (0 ms total)

[----------] Global test environment tear-down
[==========] 1 test from 1 test suite ran. (0 ms total)
[  PASSED  ] 1 test.
<end of output>
Test time =   0.00 sec
----------------------------------------------------------
Test Passed.
"KBNSumTest.ZeroOperations" end time: Sep 07 13:09 CDT
"KBNSumTest.ZeroOperations" time elapsed: 00:00:00
----------------------------------------------------------

20/63 Testing: KBNSumTest.LargeNumbers
20/63 Test: KBNSumTest.LargeNumbers
Command: "/home/spinoza/github/alpha/algebraic_reducers/build/tests/test_kbn_sum" "--gtest_filter=KBNSumTest.LargeNumbers" "--gtest_also_run_disabled_tests"
Directory: /home/spinoza/github/alpha/algebraic_reducers/build/tests
"KBNSumTest.LargeNumbers" start time: Sep 07 13:09 CDT
Output:
----------------------------------------------------------
Running main() from ./googletest/src/gtest_main.cc
Note: Google Test filter = KBNSumTest.LargeNumbers
[==========] Running 1 test from 1 test suite.
[----------] Global test environment set-up.
[----------] 1 test from KBNSumTest
[ RUN      ] KBNSumTest.LargeNumbers
[       OK ] KBNSumTest.LargeNumbers (0 ms)
[----------] 1 test from KBNSumTest (0 ms total)

[----------] Global test environment tear-down
[==========] 1 test from 1 test suite ran. (0 ms total)
[  PASSED  ] 1 test.
<end of output>
Test time =   0.00 sec
----------------------------------------------------------
Test Passed.
"KBNSumTest.LargeNumbers" end time: Sep 07 13:09 CDT
"KBNSumTest.LargeNumbers" time elapsed: 00:00:00
----------------------------------------------------------

21/63 Testing: KBNSumTest.EmptyRangeReduction
21/63 Test: KBNSumTest.EmptyRangeReduction
Command: "/home/spinoza/github/alpha/algebraic_reducers/build/tests/test_kbn_sum" "--gtest_filter=KBNSumTest.EmptyRangeReduction" "--gtest_also_run_disabled_tests"
Directory: /home/spinoza/github/alpha/algebraic_reducers/build/tests
"KBNSumTest.EmptyRangeReduction" start time: Sep 07 13:09 CDT
Output:
----------------------------------------------------------
Running main() from ./googletest/src/gtest_main.cc
Note: Google Test filter = KBNSumTest.EmptyRangeReduction
[==========] Running 1 test from 1 test suite.
[----------] Global test environment set-up.
[----------] 1 test from KBNSumTest
[ RUN      ] KBNSumTest.EmptyRangeReduction
[       OK ] KBNSumTest.EmptyRangeReduction (0 ms)
[----------] 1 test from KBNSumTest (0 ms total)

[----------] Global test environment tear-down
[==========] 1 test from 1 test suite ran. (0 ms total)
[  PASSED  ] 1 test.
<end of output>
Test time =   0.00 sec
----------------------------------------------------------
Test Passed.
"KBNSumTest.EmptyRangeReduction" end time: Sep 07 13:09 CDT
"KBNSumTest.EmptyRangeReduction" time elapsed: 00:00:00
----------------------------------------------------------

22/63 Testing: KBNSumTest.SingleElementReduction
22/63 Test: KBNSumTest.SingleElementReduction
Command: "/home/spinoza/github/alpha/algebraic_reducers/build/tests/test_kbn_sum" "--gtest_filter=KBNSumTest.SingleElementReduction" "--gtest_also_run_disabled_tests"
Directory: /home/spinoza/github/alpha/algebraic_reducers/build/tests
"KBNSumTest.SingleElementReduction" start time: Sep 07 13:09 CDT
Output:
----------------------------------------------------------
Running main() from ./googletest/src/gtest_main.cc
Note: Google Test filter = KBNSumTest.SingleElementReduction
[==========] Running 1 test from 1 test suite.
[----------] Global test environment set-up.
[----------] 1 test from KBNSumTest
[ RUN      ] KBNSumTest.SingleElementReduction
[       OK ] KBNSumTest.SingleElementReduction (0 ms)
[----------] 1 test from KBNSumTest (0 ms total)

[----------] Global test environment tear-down
[==========] 1 test from 1 test suite ran. (0 ms total)
[  PASSED  ] 1 test.
<end of output>
Test time =   0.00 sec
----------------------------------------------------------
Test Passed.
"KBNSumTest.SingleElementReduction" end time: Sep 07 13:09 CDT
"KBNSumTest.SingleElementReduction" time elapsed: 00:00:00
----------------------------------------------------------

23/63 Testing: KBNSumTest.CorrectionMechanism
23/63 Test: KBNSumTest.CorrectionMechanism
Command: "/home/spinoza/github/alpha/algebraic_reducers/build/tests/test_kbn_sum" "--gtest_filter=KBNSumTest.CorrectionMechanism" "--gtest_also_run_disabled_tests"
Directory: /home/spinoza/github/alpha/algebraic_reducers/build/tests
"KBNSumTest.CorrectionMechanism" start time: Sep 07 13:09 CDT
Output:
----------------------------------------------------------
Running main() from ./googletest/src/gtest_main.cc
Note: Google Test filter = KBNSumTest.CorrectionMechanism
[==========] Running 1 test from 1 test suite.
[----------] Global test environment set-up.
[----------] 1 test from KBNSumTest
[ RUN      ] KBNSumTest.CorrectionMechanism
[       OK ] KBNSumTest.CorrectionMechanism (0 ms)
[----------] 1 test from KBNSumTest (0 ms total)

[----------] Global test environment tear-down
[==========] 1 test from 1 test suite ran. (0 ms total)
[  PASSED  ] 1 test.
<end of output>
Test time =   0.00 sec
----------------------------------------------------------
Test Passed.
"KBNSumTest.CorrectionMechanism" end time: Sep 07 13:09 CDT
"KBNSumTest.CorrectionMechanism" time elapsed: 00:00:00
----------------------------------------------------------

24/63 Testing: KBNSumTest.RandomValuesStressTest
24/63 Test: KBNSumTest.RandomValuesStressTest
Command: "/home/spinoza/github/alpha/algebraic_reducers/build/tests/test_kbn_sum" "--gtest_filter=KBNSumTest.RandomValuesStressTest" "--gtest_also_run_disabled_tests"
Directory: /home/spinoza/github/alpha/algebraic_reducers/build/tests
"KBNSumTest.RandomValuesStressTest" start time: Sep 07 13:09 CDT
Output:
----------------------------------------------------------
Running main() from ./googletest/src/gtest_main.cc
Note: Google Test filter = KBNSumTest.RandomValuesStressTest
[==========] Running 1 test from 1 test suite.
[----------] Global test environment set-up.
[----------] 1 test from KBNSumTest
[ RUN      ] KBNSumTest.RandomValuesStressTest
[       OK ] KBNSumTest.RandomValuesStressTest (2 ms)
[----------] 1 test from KBNSumTest (2 ms total)

[----------] Global test environment tear-down
[==========] 1 test from 1 test suite ran. (2 ms total)
[  PASSED  ] 1 test.
<end of output>
Test time =   0.00 sec
----------------------------------------------------------
Test Passed.
"KBNSumTest.RandomValuesStressTest" end time: Sep 07 13:09 CDT
"KBNSumTest.RandomValuesStressTest" time elapsed: 00:00:00
----------------------------------------------------------

25/63 Testing: WelfordAccumulatorTest.DefaultConstructor
25/63 Test: WelfordAccumulatorTest.DefaultConstructor
Command: "/home/spinoza/github/alpha/algebraic_reducers/build/tests/test_welford_accumulator" "--gtest_filter=WelfordAccumulatorTest.DefaultConstructor" "--gtest_also_run_disabled_tests"
Directory: /home/spinoza/github/alpha/algebraic_reducers/build/tests
"WelfordAccumulatorTest.DefaultConstructor" start time: Sep 07 13:09 CDT
Output:
----------------------------------------------------------
Running main() from ./googletest/src/gtest_main.cc
Note: Google Test filter = WelfordAccumulatorTest.DefaultConstructor
[==========] Running 1 test from 1 test suite.
[----------] Global test environment set-up.
[----------] 1 test from WelfordAccumulatorTest
[ RUN      ] WelfordAccumulatorTest.DefaultConstructor
[       OK ] WelfordAccumulatorTest.DefaultConstructor (0 ms)
[----------] 1 test from WelfordAccumulatorTest (0 ms total)

[----------] Global test environment tear-down
[==========] 1 test from 1 test suite ran. (0 ms total)
[  PASSED  ] 1 test.
<end of output>
Test time =   0.00 sec
----------------------------------------------------------
Test Passed.
"WelfordAccumulatorTest.DefaultConstructor" end time: Sep 07 13:09 CDT
"WelfordAccumulatorTest.DefaultConstructor" time elapsed: 00:00:00
----------------------------------------------------------

26/63 Testing: WelfordAccumulatorTest.ValueConstructor
26/63 Test: WelfordAccumulatorTest.ValueConstructor
Command: "/home/spinoza/github/alpha/algebraic_reducers/build/tests/test_welford_accumulator" "--gtest_filter=WelfordAccumulatorTest.ValueConstructor" "--gtest_also_run_disabled_tests"
Directory: /home/spinoza/github/alpha/algebraic_reducers/build/tests
"WelfordAccumulatorTest.ValueConstructor" start time: Sep 07 13:09 CDT
Output:
----------------------------------------------------------
Running main() from ./googletest/src/gtest_main.cc
Note: Google Test filter = WelfordAccumulatorTest.ValueConstructor
[==========] Running 1 test from 1 test suite.
[----------] Global test environment set-up.
[----------] 1 test from WelfordAccumulatorTest
[ RUN      ] WelfordAccumulatorTest.ValueConstructor
[       OK ] WelfordAccumulatorTest.ValueConstructor (0 ms)
[----------] 1 test from WelfordAccumulatorTest (0 ms total)

[----------] Global test environment tear-down
[==========] 1 test from 1 test suite ran. (0 ms total)
[  PASSED  ] 1 test.
<end of output>
Test time =   0.00 sec
----------------------------------------------------------
Test Passed.
"WelfordAccumulatorTest.ValueConstructor" end time: Sep 07 13:09 CDT
"WelfordAccumulatorTest.ValueConstructor" time elapsed: 00:00:00
----------------------------------------------------------

27/63 Testing: WelfordAccumulatorTest.CopyConstructor
27/63 Test: WelfordAccumulatorTest.CopyConstructor
Command: "/home/spinoza/github/alpha/algebraic_reducers/build/tests/test_welford_accumulator" "--gtest_filter=WelfordAccumulatorTest.CopyConstructor" "--gtest_also_run_disabled_tests"
Directory: /home/spinoza/github/alpha/algebraic_reducers/build/tests
"WelfordAccumulatorTest.CopyConstructor" start time: Sep 07 13:09 CDT
Output:
----------------------------------------------------------
Running main() from ./googletest/src/gtest_main.cc
Note: Google Test filter = WelfordAccumulatorTest.CopyConstructor
[==========] Running 1 test from 1 test suite.
[----------] Global test environment set-up.
[----------] 1 test from WelfordAccumulatorTest
[ RUN      ] WelfordAccumulatorTest.CopyConstructor
[       OK ] WelfordAccumulatorTest.CopyConstructor (0 ms)
[----------] 1 test from WelfordAccumulatorTest (0 ms total)

[----------] Global test environment tear-down
[==========] 1 test from 1 test suite ran. (0 ms total)
[  PASSED  ] 1 test.
<end of output>
Test time =   0.00 sec
----------------------------------------------------------
Test Passed.
"WelfordAccumulatorTest.CopyConstructor" end time: Sep 07 13:09 CDT
"WelfordAccumulatorTest.CopyConstructor" time elapsed: 00:00:00
----------------------------------------------------------

28/63 Testing: WelfordAccumulatorTest.AddingSingleValues
28/63 Test: WelfordAccumulatorTest.AddingSingleValues
Command: "/home/spinoza/github/alpha/algebraic_reducers/build/tests/test_welford_accumulator" "--gtest_filter=WelfordAccumulatorTest.AddingSingleValues" "--gtest_also_run_disabled_tests"
Directory: /home/spinoza/github/alpha/algebraic_reducers/build/tests
"WelfordAccumulatorTest.AddingSingleValues" start time: Sep 07 13:09 CDT
Output:
----------------------------------------------------------
Running main() from ./googletest/src/gtest_main.cc
Note: Google Test filter = WelfordAccumulatorTest.AddingSingleValues
[==========] Running 1 test from 1 test suite.
[----------] Global test environment set-up.
[----------] 1 test from WelfordAccumulatorTest
[ RUN      ] WelfordAccumulatorTest.AddingSingleValues
[       OK ] WelfordAccumulatorTest.AddingSingleValues (0 ms)
[----------] 1 test from WelfordAccumulatorTest (0 ms total)

[----------] Global test environment tear-down
[==========] 1 test from 1 test suite ran. (0 ms total)
[  PASSED  ] 1 test.
<end of output>
Test time =   0.00 sec
----------------------------------------------------------
Test Passed.
"WelfordAccumulatorTest.AddingSingleValues" end time: Sep 07 13:09 CDT
"WelfordAccumulatorTest.AddingSingleValues" time elapsed: 00:00:00
----------------------------------------------------------

29/63 Testing: WelfordAccumulatorTest.VarianceCalculation
29/63 Test: WelfordAccumulatorTest.VarianceCalculation
Command: "/home/spinoza/github/alpha/algebraic_reducers/build/tests/test_welford_accumulator" "--gtest_filter=WelfordAccumulatorTest.VarianceCalculation" "--gtest_also_run_disabled_tests"
Directory: /home/spinoza/github/alpha/algebraic_reducers/build/tests
"WelfordAccumulatorTest.VarianceCalculation" start time: Sep 07 13:09 CDT
Output:
----------------------------------------------------------
Running main() from ./googletest/src/gtest_main.cc
Note: Google Test filter = WelfordAccumulatorTest.VarianceCalculation
[==========] Running 1 test from 1 test suite.
[----------] Global test environment set-up.
[----------] 1 test from WelfordAccumulatorTest
[ RUN      ] WelfordAccumulatorTest.VarianceCalculation
[       OK ] WelfordAccumulatorTest.VarianceCalculation (0 ms)
[----------] 1 test from WelfordAccumulatorTest (0 ms total)

[----------] Global test environment tear-down
[==========] 1 test from 1 test suite ran. (0 ms total)
[  PASSED  ] 1 test.
<end of output>
Test time =   0.00 sec
----------------------------------------------------------
Test Passed.
"WelfordAccumulatorTest.VarianceCalculation" end time: Sep 07 13:09 CDT
"WelfordAccumulatorTest.VarianceCalculation" time elapsed: 00:00:00
----------------------------------------------------------

30/63 Testing: WelfordAccumulatorTest.FloatingPointValues
30/63 Test: WelfordAccumulatorTest.FloatingPointValues
Command: "/home/spinoza/github/alpha/algebraic_reducers/build/tests/test_welford_accumulator" "--gtest_filter=WelfordAccumulatorTest.FloatingPointValues" "--gtest_also_run_disabled_tests"
Directory: /home/spinoza/github/alpha/algebraic_reducers/build/tests
"WelfordAccumulatorTest.FloatingPointValues" start time: Sep 07 13:09 CDT
Output:
----------------------------------------------------------
Running main() from ./googletest/src/gtest_main.cc
Note: Google Test filter = WelfordAccumulatorTest.FloatingPointValues
[==========] Running 1 test from 1 test suite.
[----------] Global test environment set-up.
[----------] 1 test from WelfordAccumulatorTest
[ RUN      ] WelfordAccumulatorTest.FloatingPointValues
[       OK ] WelfordAccumulatorTest.FloatingPointValues (0 ms)
[----------] 1 test from WelfordAccumulatorTest (0 ms total)

[----------] Global test environment tear-down
[==========] 1 test from 1 test suite ran. (0 ms total)
[  PASSED  ] 1 test.
<end of output>
Test time =   0.00 sec
----------------------------------------------------------
Test Passed.
"WelfordAccumulatorTest.FloatingPointValues" end time: Sep 07 13:09 CDT
"WelfordAccumulatorTest.FloatingPointValues" time elapsed: 00:00:00
----------------------------------------------------------

31/63 Testing: WelfordAccumulatorTest.NegativeValues
31/63 Test: WelfordAccumulatorTest.NegativeValues
Command: "/home/spinoza/github/alpha/algebraic_reducers/build/tests/test_welford_accumulator" "--gtest_filter=WelfordAccumulatorTest.NegativeValues" "--gtest_also_run_disabled_tests"
Directory: /home/spinoza/github/alpha/algebraic_reducers/build/tests
"WelfordAccumulatorTest.NegativeValues" start time: Sep 07 13:09 CDT
Output:
----------------------------------------------------------
Running main() from ./googletest/src/gtest_main.cc
Note: Google Test filter = WelfordAccumulatorTest.NegativeValues
[==========] Running 1 test from 1 test suite.
[----------] Global test environment set-up.
[----------] 1 test from WelfordAccumulatorTest
[ RUN      ] WelfordAccumulatorTest.NegativeValues
[       OK ] WelfordAccumulatorTest.NegativeValues (0 ms)
[----------] 1 test from WelfordAccumulatorTest (0 ms total)

[----------] Global test environment tear-down
[==========] 1 test from 1 test suite ran. (0 ms total)
[  PASSED  ] 1 test.
<end of output>
Test time =   0.00 sec
----------------------------------------------------------
Test Passed.
"WelfordAccumulatorTest.NegativeValues" end time: Sep 07 13:09 CDT
"WelfordAccumulatorTest.NegativeValues" time elapsed: 00:00:00
----------------------------------------------------------

32/63 Testing: WelfordAccumulatorTest.MixedSignValues
32/63 Test: WelfordAccumulatorTest.MixedSignValues
Command: "/home/spinoza/github/alpha/algebraic_reducers/build/tests/test_welford_accumulator" "--gtest_filter=WelfordAccumulatorTest.MixedSignValues" "--gtest_also_run_disabled_tests"
Directory: /home/spinoza/github/alpha/algebraic_reducers/build/tests
"WelfordAccumulatorTest.MixedSignValues" start time: Sep 07 13:09 CDT
Output:
----------------------------------------------------------
Running main() from ./googletest/src/gtest_main.cc
Note: Google Test filter = WelfordAccumulatorTest.MixedSignValues
[==========] Running 1 test from 1 test suite.
[----------] Global test environment set-up.
[----------] 1 test from WelfordAccumulatorTest
[ RUN      ] WelfordAccumulatorTest.MixedSignValues
[       OK ] WelfordAccumulatorTest.MixedSignValues (0 ms)
[----------] 1 test from WelfordAccumulatorTest (0 ms total)

[----------] Global test environment tear-down
[==========] 1 test from 1 test suite ran. (0 ms total)
[  PASSED  ] 1 test.
<end of output>
Test time =   0.00 sec
----------------------------------------------------------
Test Passed.
"WelfordAccumulatorTest.MixedSignValues" end time: Sep 07 13:09 CDT
"WelfordAccumulatorTest.MixedSignValues" time elapsed: 00:00:00
----------------------------------------------------------

33/63 Testing: WelfordAccumulatorTest.SampleVsPopulationVariance
33/63 Test: WelfordAccumulatorTest.SampleVsPopulationVariance
Command: "/home/spinoza/github/alpha/algebraic_reducers/build/tests/test_welford_accumulator" "--gtest_filter=WelfordAccumulatorTest.SampleVsPopulationVariance" "--gtest_also_run_disabled_tests"
Directory: /home/spinoza/github/alpha/algebraic_reducers/build/tests
"WelfordAccumulatorTest.SampleVsPopulationVariance" start time: Sep 07 13:09 CDT
Output:
----------------------------------------------------------
Running main() from ./googletest/src/gtest_main.cc
Note: Google Test filter = WelfordAccumulatorTest.SampleVsPopulationVariance
[==========] Running 1 test from 1 test suite.
[----------] Global test environment set-up.
[----------] 1 test from WelfordAccumulatorTest
[ RUN      ] WelfordAccumulatorTest.SampleVsPopulationVariance
[       OK ] WelfordAccumulatorTest.SampleVsPopulationVariance (0 ms)
[----------] 1 test from WelfordAccumulatorTest (0 ms total)

[----------] Global test environment tear-down
[==========] 1 test from 1 test suite ran. (0 ms total)
[  PASSED  ] 1 test.
<end of output>
Test time =   0.00 sec
----------------------------------------------------------
Test Passed.
"WelfordAccumulatorTest.SampleVsPopulationVariance" end time: Sep 07 13:09 CDT
"WelfordAccumulatorTest.SampleVsPopulationVariance" time elapsed: 00:00:00
----------------------------------------------------------

34/63 Testing: WelfordAccumulatorTest.SingleValueSampleVariance
34/63 Test: WelfordAccumulatorTest.SingleValueSampleVariance
Command: "/home/spinoza/github/alpha/algebraic_reducers/build/tests/test_welford_accumulator" "--gtest_filter=WelfordAccumulatorTest.SingleValueSampleVariance" "--gtest_also_run_disabled_tests"
Directory: /home/spinoza/github/alpha/algebraic_reducers/build/tests
"WelfordAccumulatorTest.SingleValueSampleVariance" start time: Sep 07 13:09 CDT
Output:
----------------------------------------------------------
Running main() from ./googletest/src/gtest_main.cc
Note: Google Test filter = WelfordAccumulatorTest.SingleValueSampleVariance
[==========] Running 1 test from 1 test suite.
[----------] Global test environment set-up.
[----------] 1 test from WelfordAccumulatorTest
[ RUN      ] WelfordAccumulatorTest.SingleValueSampleVariance
[       OK ] WelfordAccumulatorTest.SingleValueSampleVariance (0 ms)
[----------] 1 test from WelfordAccumulatorTest (0 ms total)

[----------] Global test environment tear-down
[==========] 1 test from 1 test suite ran. (0 ms total)
[  PASSED  ] 1 test.
<end of output>
Test time =   0.00 sec
----------------------------------------------------------
Test Passed.
"WelfordAccumulatorTest.SingleValueSampleVariance" end time: Sep 07 13:09 CDT
"WelfordAccumulatorTest.SingleValueSampleVariance" time elapsed: 00:00:00
----------------------------------------------------------

35/63 Testing: WelfordAccumulatorTest.EmptyAccumulatorEdgeCases
35/63 Test: WelfordAccumulatorTest.EmptyAccumulatorEdgeCases
Command: "/home/spinoza/github/alpha/algebraic_reducers/build/tests/test_welford_accumulator" "--gtest_filter=WelfordAccumulatorTest.EmptyAccumulatorEdgeCases" "--gtest_also_run_disabled_tests"
Directory: /home/spinoza/github/alpha/algebraic_reducers/build/tests
"WelfordAccumulatorTest.EmptyAccumulatorEdgeCases" start time: Sep 07 13:09 CDT
Output:
----------------------------------------------------------
Running main() from ./googletest/src/gtest_main.cc
Note: Google Test filter = WelfordAccumulatorTest.EmptyAccumulatorEdgeCases
[==========] Running 1 test from 1 test suite.
[----------] Global test environment set-up.
[----------] 1 test from WelfordAccumulatorTest
[ RUN      ] WelfordAccumulatorTest.EmptyAccumulatorEdgeCases
[       OK ] WelfordAccumulatorTest.EmptyAccumulatorEdgeCases (0 ms)
[----------] 1 test from WelfordAccumulatorTest (0 ms total)

[----------] Global test environment tear-down
[==========] 1 test from 1 test suite ran. (0 ms total)
[  PASSED  ] 1 test.
<end of output>
Test time =   0.00 sec
----------------------------------------------------------
Test Passed.
"WelfordAccumulatorTest.EmptyAccumulatorEdgeCases" end time: Sep 07 13:09 CDT
"WelfordAccumulatorTest.EmptyAccumulatorEdgeCases" time elapsed: 00:00:00
----------------------------------------------------------

36/63 Testing: WelfordAccumulatorTest.LargeNumbers
36/63 Test: WelfordAccumulatorTest.LargeNumbers
Command: "/home/spinoza/github/alpha/algebraic_reducers/build/tests/test_welford_accumulator" "--gtest_filter=WelfordAccumulatorTest.LargeNumbers" "--gtest_also_run_disabled_tests"
Directory: /home/spinoza/github/alpha/algebraic_reducers/build/tests
"WelfordAccumulatorTest.LargeNumbers" start time: Sep 07 13:09 CDT
Output:
----------------------------------------------------------
Running main() from ./googletest/src/gtest_main.cc
Note: Google Test filter = WelfordAccumulatorTest.LargeNumbers
[==========] Running 1 test from 1 test suite.
[----------] Global test environment set-up.
[----------] 1 test from WelfordAccumulatorTest
[ RUN      ] WelfordAccumulatorTest.LargeNumbers
[       OK ] WelfordAccumulatorTest.LargeNumbers (0 ms)
[----------] 1 test from WelfordAccumulatorTest (0 ms total)

[----------] Global test environment tear-down
[==========] 1 test from 1 test suite ran. (0 ms total)
[  PASSED  ] 1 test.
<end of output>
Test time =   0.00 sec
----------------------------------------------------------
Test Passed.
"WelfordAccumulatorTest.LargeNumbers" end time: Sep 07 13:09 CDT
"WelfordAccumulatorTest.LargeNumbers" time elapsed: 00:00:00
----------------------------------------------------------

37/63 Testing: WelfordAccumulatorTest.ManySmallValues
37/63 Test: WelfordAccumulatorTest.ManySmallValues
Command: "/home/spinoza/github/alpha/algebraic_reducers/build/tests/test_welford_accumulator" "--gtest_filter=WelfordAccumulatorTest.ManySmallValues" "--gtest_also_run_disabled_tests"
Directory: /home/spinoza/github/alpha/algebraic_reducers/build/tests
"WelfordAccumulatorTest.ManySmallValues" start time: Sep 07 13:09 CDT
Output:
----------------------------------------------------------
Running main() from ./googletest/src/gtest_main.cc
Note: Google Test filter = WelfordAccumulatorTest.ManySmallValues
[==========] Running 1 test from 1 test suite.
[----------] Global test environment set-up.
[----------] 1 test from WelfordAccumulatorTest
[ RUN      ] WelfordAccumulatorTest.ManySmallValues
[       OK ] WelfordAccumulatorTest.ManySmallValues (0 ms)
[----------] 1 test from WelfordAccumulatorTest (0 ms total)

[----------] Global test environment tear-down
[==========] 1 test from 1 test suite ran. (0 ms total)
[  PASSED  ] 1 test.
<end of output>
Test time =   0.00 sec
----------------------------------------------------------
Test Passed.
"WelfordAccumulatorTest.ManySmallValues" end time: Sep 07 13:09 CDT
"WelfordAccumulatorTest.ManySmallValues" time elapsed: 00:00:00
----------------------------------------------------------

38/63 Testing: WelfordAccumulatorTest.KBNWelfordAlias
38/63 Test: WelfordAccumulatorTest.KBNWelfordAlias
Command: "/home/spinoza/github/alpha/algebraic_reducers/build/tests/test_welford_accumulator" "--gtest_filter=WelfordAccumulatorTest.KBNWelfordAlias" "--gtest_also_run_disabled_tests"
Directory: /home/spinoza/github/alpha/algebraic_reducers/build/tests
"WelfordAccumulatorTest.KBNWelfordAlias" start time: Sep 07 13:09 CDT
Output:
----------------------------------------------------------
Running main() from ./googletest/src/gtest_main.cc
Note: Google Test filter = WelfordAccumulatorTest.KBNWelfordAlias
[==========] Running 1 test from 1 test suite.
[----------] Global test environment set-up.
[----------] 1 test from WelfordAccumulatorTest
[ RUN      ] WelfordAccumulatorTest.KBNWelfordAlias
[       OK ] WelfordAccumulatorTest.KBNWelfordAlias (0 ms)
[----------] 1 test from WelfordAccumulatorTest (0 ms total)

[----------] Global test environment tear-down
[==========] 1 test from 1 test suite ran. (0 ms total)
[  PASSED  ] 1 test.
<end of output>
Test time =   0.00 sec
----------------------------------------------------------
Test Passed.
"WelfordAccumulatorTest.KBNWelfordAlias" end time: Sep 07 13:09 CDT
"WelfordAccumulatorTest.KBNWelfordAlias" time elapsed: 00:00:00
----------------------------------------------------------

39/63 Testing: WelfordAccumulatorTest.StandaloneFunctions
39/63 Test: WelfordAccumulatorTest.StandaloneFunctions
Command: "/home/spinoza/github/alpha/algebraic_reducers/build/tests/test_welford_accumulator" "--gtest_filter=WelfordAccumulatorTest.StandaloneFunctions" "--gtest_also_run_disabled_tests"
Directory: /home/spinoza/github/alpha/algebraic_reducers/build/tests
"WelfordAccumulatorTest.StandaloneFunctions" start time: Sep 07 13:09 CDT
Output:
----------------------------------------------------------
Running main() from ./googletest/src/gtest_main.cc
Note: Google Test filter = WelfordAccumulatorTest.StandaloneFunctions
[==========] Running 1 test from 1 test suite.
[----------] Global test environment set-up.
[----------] 1 test from WelfordAccumulatorTest
[ RUN      ] WelfordAccumulatorTest.StandaloneFunctions
[       OK ] WelfordAccumulatorTest.StandaloneFunctions (0 ms)
[----------] 1 test from WelfordAccumulatorTest (0 ms total)

[----------] Global test environment tear-down
[==========] 1 test from 1 test suite ran. (0 ms total)
[  PASSED  ] 1 test.
<end of output>
Test time =   0.00 sec
----------------------------------------------------------
Test Passed.
"WelfordAccumulatorTest.StandaloneFunctions" end time: Sep 07 13:09 CDT
"WelfordAccumulatorTest.StandaloneFunctions" time elapsed: 00:00:00
----------------------------------------------------------

40/63 Testing: WelfordAccumulatorTest.DifferentAccumulatorTypes
40/63 Test: WelfordAccumulatorTest.DifferentAccumulatorTypes
Command: "/home/spinoza/github/alpha/algebraic_reducers/build/tests/test_welford_accumulator" "--gtest_filter=WelfordAccumulatorTest.DifferentAccumulatorTypes" "--gtest_also_run_disabled_tests"
Directory: /home/spinoza/github/alpha/algebraic_reducers/build/tests
"WelfordAccumulatorTest.DifferentAccumulatorTypes" start time: Sep 07 13:09 CDT
Output:
----------------------------------------------------------
Running main() from ./googletest/src/gtest_main.cc
Note: Google Test filter = WelfordAccumulatorTest.DifferentAccumulatorTypes
[==========] Running 1 test from 1 test suite.
[----------] Global test environment set-up.
[----------] 1 test from WelfordAccumulatorTest
[ RUN      ] WelfordAccumulatorTest.DifferentAccumulatorTypes
[       OK ] WelfordAccumulatorTest.DifferentAccumulatorTypes (0 ms)
[----------] 1 test from WelfordAccumulatorTest (0 ms total)

[----------] Global test environment tear-down
[==========] 1 test from 1 test suite ran. (0 ms total)
[  PASSED  ] 1 test.
<end of output>
Test time =   0.00 sec
----------------------------------------------------------
Test Passed.
"WelfordAccumulatorTest.DifferentAccumulatorTypes" end time: Sep 07 13:09 CDT
"WelfordAccumulatorTest.DifferentAccumulatorTypes" time elapsed: 00:00:00
----------------------------------------------------------

41/63 Testing: WelfordAccumulatorTest.NumericalPrecision
41/63 Test: WelfordAccumulatorTest.NumericalPrecision
Command: "/home/spinoza/github/alpha/algebraic_reducers/build/tests/test_welford_accumulator" "--gtest_filter=WelfordAccumulatorTest.NumericalPrecision" "--gtest_also_run_disabled_tests"
Directory: /home/spinoza/github/alpha/algebraic_reducers/build/tests
"WelfordAccumulatorTest.NumericalPrecision" start time: Sep 07 13:09 CDT
Output:
----------------------------------------------------------
Running main() from ./googletest/src/gtest_main.cc
Note: Google Test filter = WelfordAccumulatorTest.NumericalPrecision
[==========] Running 1 test from 1 test suite.
[----------] Global test environment set-up.
[----------] 1 test from WelfordAccumulatorTest
[ RUN      ] WelfordAccumulatorTest.NumericalPrecision
[       OK ] WelfordAccumulatorTest.NumericalPrecision (0 ms)
[----------] 1 test from WelfordAccumulatorTest (0 ms total)

[----------] Global test environment tear-down
[==========] 1 test from 1 test suite ran. (0 ms total)
[  PASSED  ] 1 test.
<end of output>
Test time =   0.00 sec
----------------------------------------------------------
Test Passed.
"WelfordAccumulatorTest.NumericalPrecision" end time: Sep 07 13:09 CDT
"WelfordAccumulatorTest.NumericalPrecision" time elapsed: 00:00:00
----------------------------------------------------------

42/63 Testing: WelfordAccumulatorTest.RandomValuesStressTest
42/63 Test: WelfordAccumulatorTest.RandomValuesStressTest
Command: "/home/spinoza/github/alpha/algebraic_reducers/build/tests/test_welford_accumulator" "--gtest_filter=WelfordAccumulatorTest.RandomValuesStressTest" "--gtest_also_run_disabled_tests"
Directory: /home/spinoza/github/alpha/algebraic_reducers/build/tests
"WelfordAccumulatorTest.RandomValuesStressTest" start time: Sep 07 13:09 CDT
Output:
----------------------------------------------------------
Running main() from ./googletest/src/gtest_main.cc
Note: Google Test filter = WelfordAccumulatorTest.RandomValuesStressTest
[==========] Running 1 test from 1 test suite.
[----------] Global test environment set-up.
[----------] 1 test from WelfordAccumulatorTest
[ RUN      ] WelfordAccumulatorTest.RandomValuesStressTest
[       OK ] WelfordAccumulatorTest.RandomValuesStressTest (2 ms)
[----------] 1 test from WelfordAccumulatorTest (2 ms total)

[----------] Global test environment tear-down
[==========] 1 test from 1 test suite ran. (2 ms total)
[  PASSED  ] 1 test.
<end of output>
Test time =   0.00 sec
----------------------------------------------------------
Test Passed.
"WelfordAccumulatorTest.RandomValuesStressTest" end time: Sep 07 13:09 CDT
"WelfordAccumulatorTest.RandomValuesStressTest" time elapsed: 00:00:00
----------------------------------------------------------

43/63 Testing: WelfordAccumulatorTest.IncrementalCalculation
43/63 Test: WelfordAccumulatorTest.IncrementalCalculation
Command: "/home/spinoza/github/alpha/algebraic_reducers/build/tests/test_welford_accumulator" "--gtest_filter=WelfordAccumulatorTest.IncrementalCalculation" "--gtest_also_run_disabled_tests"
Directory: /home/spinoza/github/alpha/algebraic_reducers/build/tests
"WelfordAccumulatorTest.IncrementalCalculation" start time: Sep 07 13:09 CDT
Output:
----------------------------------------------------------
Running main() from ./googletest/src/gtest_main.cc
Note: Google Test filter = WelfordAccumulatorTest.IncrementalCalculation
[==========] Running 1 test from 1 test suite.
[----------] Global test environment set-up.
[----------] 1 test from WelfordAccumulatorTest
[ RUN      ] WelfordAccumulatorTest.IncrementalCalculation
[       OK ] WelfordAccumulatorTest.IncrementalCalculation (0 ms)
[----------] 1 test from WelfordAccumulatorTest (0 ms total)

[----------] Global test environment tear-down
[==========] 1 test from 1 test suite ran. (0 ms total)
[  PASSED  ] 1 test.
<end of output>
Test time =   0.00 sec
----------------------------------------------------------
Test Passed.
"WelfordAccumulatorTest.IncrementalCalculation" end time: Sep 07 13:09 CDT
"WelfordAccumulatorTest.IncrementalCalculation" time elapsed: 00:00:00
----------------------------------------------------------

44/63 Testing: WelfordAccumulatorTest.MoveSemanticsInDelta2
44/63 Test: WelfordAccumulatorTest.MoveSemanticsInDelta2
Command: "/home/spinoza/github/alpha/algebraic_reducers/build/tests/test_welford_accumulator" "--gtest_filter=WelfordAccumulatorTest.MoveSemanticsInDelta2" "--gtest_also_run_disabled_tests"
Directory: /home/spinoza/github/alpha/algebraic_reducers/build/tests
"WelfordAccumulatorTest.MoveSemanticsInDelta2" start time: Sep 07 13:09 CDT
Output:
----------------------------------------------------------
Running main() from ./googletest/src/gtest_main.cc
Note: Google Test filter = WelfordAccumulatorTest.MoveSemanticsInDelta2
[==========] Running 1 test from 1 test suite.
[----------] Global test environment set-up.
[----------] 1 test from WelfordAccumulatorTest
[ RUN      ] WelfordAccumulatorTest.MoveSemanticsInDelta2
[       OK ] WelfordAccumulatorTest.MoveSemanticsInDelta2 (0 ms)
[----------] 1 test from WelfordAccumulatorTest (0 ms total)

[----------] Global test environment tear-down
[==========] 1 test from 1 test suite ran. (0 ms total)
[  PASSED  ] 1 test.
<end of output>
Test time =   0.00 sec
----------------------------------------------------------
Test Passed.
"WelfordAccumulatorTest.MoveSemanticsInDelta2" end time: Sep 07 13:09 CDT
"WelfordAccumulatorTest.MoveSemanticsInDelta2" time elapsed: 00:00:00
----------------------------------------------------------

45/63 Testing: WelfordAccumulatorTest.IdenticalValues
45/63 Test: WelfordAccumulatorTest.IdenticalValues
Command: "/home/spinoza/github/alpha/algebraic_reducers/build/tests/test_welford_accumulator" "--gtest_filter=WelfordAccumulatorTest.IdenticalValues" "--gtest_also_run_disabled_tests"
Directory: /home/spinoza/github/alpha/algebraic_reducers/build/tests
"WelfordAccumulatorTest.IdenticalValues" start time: Sep 07 13:09 CDT
Output:
----------------------------------------------------------
Running main() from ./googletest/src/gtest_main.cc
Note: Google Test filter = WelfordAccumulatorTest.IdenticalValues
[==========] Running 1 test from 1 test suite.
[----------] Global test environment set-up.
[----------] 1 test from WelfordAccumulatorTest
[ RUN      ] WelfordAccumulatorTest.IdenticalValues
[       OK ] WelfordAccumulatorTest.IdenticalValues (0 ms)
[----------] 1 test from WelfordAccumulatorTest (0 ms total)

[----------] Global test environment tear-down
[==========] 1 test from 1 test suite ran. (0 ms total)
[  PASSED  ] 1 test.
<end of output>
Test time =   0.00 sec
----------------------------------------------------------
Test Passed.
"WelfordAccumulatorTest.IdenticalValues" end time: Sep 07 13:09 CDT
"WelfordAccumulatorTest.IdenticalValues" time elapsed: 00:00:00
----------------------------------------------------------

46/63 Testing: AdditionalCoverageTest.KBNSumSpecialCases
46/63 Test: AdditionalCoverageTest.KBNSumSpecialCases
Command: "/home/spinoza/github/alpha/algebraic_reducers/build/tests/test_additional_coverage" "--gtest_filter=AdditionalCoverageTest.KBNSumSpecialCases" "--gtest_also_run_disabled_tests"
Directory: /home/spinoza/github/alpha/algebraic_reducers/build/tests
"AdditionalCoverageTest.KBNSumSpecialCases" start time: Sep 07 13:09 CDT
Output:
----------------------------------------------------------
Running main() from ./googletest/src/gtest_main.cc
Note: Google Test filter = AdditionalCoverageTest.KBNSumSpecialCases
[==========] Running 1 test from 1 test suite.
[----------] Global test environment set-up.
[----------] 1 test from AdditionalCoverageTest
[ RUN      ] AdditionalCoverageTest.KBNSumSpecialCases
[       OK ] AdditionalCoverageTest.KBNSumSpecialCases (0 ms)
[----------] 1 test from AdditionalCoverageTest (0 ms total)

[----------] Global test environment tear-down
[==========] 1 test from 1 test suite ran. (0 ms total)
[  PASSED  ] 1 test.
<end of output>
Test time =   0.00 sec
----------------------------------------------------------
Test Passed.
"AdditionalCoverageTest.KBNSumSpecialCases" end time: Sep 07 13:09 CDT
"AdditionalCoverageTest.KBNSumSpecialCases" time elapsed: 00:00:00
----------------------------------------------------------

47/63 Testing: AdditionalCoverageTest.WelfordSpecialCases
47/63 Test: AdditionalCoverageTest.WelfordSpecialCases
Command: "/home/spinoza/github/alpha/algebraic_reducers/build/tests/test_additional_coverage" "--gtest_filter=AdditionalCoverageTest.WelfordSpecialCases" "--gtest_also_run_disabled_tests"
Directory: /home/spinoza/github/alpha/algebraic_reducers/build/tests
"AdditionalCoverageTest.WelfordSpecialCases" start time: Sep 07 13:09 CDT
Output:
----------------------------------------------------------
Running main() from ./googletest/src/gtest_main.cc
Note: Google Test filter = AdditionalCoverageTest.WelfordSpecialCases
[==========] Running 1 test from 1 test suite.
[----------] Global test environment set-up.
[----------] 1 test from AdditionalCoverageTest
[ RUN      ] AdditionalCoverageTest.WelfordSpecialCases
[       OK ] AdditionalCoverageTest.WelfordSpecialCases (0 ms)
[----------] 1 test from AdditionalCoverageTest (0 ms total)

[----------] Global test environment tear-down
[==========] 1 test from 1 test suite ran. (0 ms total)
[  PASSED  ] 1 test.
<end of output>
Test time =   0.00 sec
----------------------------------------------------------
Test Passed.
"AdditionalCoverageTest.WelfordSpecialCases" end time: Sep 07 13:09 CDT
"AdditionalCoverageTest.WelfordSpecialCases" time elapsed: 00:00:00
----------------------------------------------------------

48/63 Testing: AdditionalCoverageTest.ExpressionCoverage
48/63 Test: AdditionalCoverageTest.ExpressionCoverage
Command: "/home/spinoza/github/alpha/algebraic_reducers/build/tests/test_additional_coverage" "--gtest_filter=AdditionalCoverageTest.ExpressionCoverage" "--gtest_also_run_disabled_tests"
Directory: /home/spinoza/github/alpha/algebraic_reducers/build/tests
"AdditionalCoverageTest.ExpressionCoverage" start time: Sep 07 13:09 CDT
Output:
----------------------------------------------------------
Running main() from ./googletest/src/gtest_main.cc
Note: Google Test filter = AdditionalCoverageTest.ExpressionCoverage
[==========] Running 1 test from 1 test suite.
[----------] Global test environment set-up.
[----------] 1 test from AdditionalCoverageTest
[ RUN      ] AdditionalCoverageTest.ExpressionCoverage
[       OK ] AdditionalCoverageTest.ExpressionCoverage (0 ms)
[----------] 1 test from AdditionalCoverageTest (0 ms total)

[----------] Global test environment tear-down
[==========] 1 test from 1 test suite ran. (0 ms total)
[  PASSED  ] 1 test.
<end of output>
Test time =   0.00 sec
----------------------------------------------------------
Test Passed.
"AdditionalCoverageTest.ExpressionCoverage" end time: Sep 07 13:09 CDT
"AdditionalCoverageTest.ExpressionCoverage" time elapsed: 00:00:00
----------------------------------------------------------

49/63 Testing: AdditionalCoverageTest.ComparisonOperatorCoverage
49/63 Test: AdditionalCoverageTest.ComparisonOperatorCoverage
Command: "/home/spinoza/github/alpha/algebraic_reducers/build/tests/test_additional_coverage" "--gtest_filter=AdditionalCoverageTest.ComparisonOperatorCoverage" "--gtest_also_run_disabled_tests"
Directory: /home/spinoza/github/alpha/algebraic_reducers/build/tests
"AdditionalCoverageTest.ComparisonOperatorCoverage" start time: Sep 07 13:09 CDT
Output:
----------------------------------------------------------
Running main() from ./googletest/src/gtest_main.cc
Note: Google Test filter = AdditionalCoverageTest.ComparisonOperatorCoverage
[==========] Running 1 test from 1 test suite.
[----------] Global test environment set-up.
[----------] 1 test from AdditionalCoverageTest
[ RUN      ] AdditionalCoverageTest.ComparisonOperatorCoverage
[       OK ] AdditionalCoverageTest.ComparisonOperatorCoverage (0 ms)
[----------] 1 test from AdditionalCoverageTest (0 ms total)

[----------] Global test environment tear-down
[==========] 1 test from 1 test suite ran. (0 ms total)
[  PASSED  ] 1 test.
<end of output>
Test time =   0.00 sec
----------------------------------------------------------
Test Passed.
"AdditionalCoverageTest.ComparisonOperatorCoverage" end time: Sep 07 13:09 CDT
"AdditionalCoverageTest.ComparisonOperatorCoverage" time elapsed: 00:00:00
----------------------------------------------------------

50/63 Testing: ExpressionsBasicTest.HeadersCompileSuccessfully
50/63 Test: ExpressionsBasicTest.HeadersCompileSuccessfully
Command: "/home/spinoza/github/alpha/algebraic_reducers/build/tests/test_expressions_basic" "--gtest_filter=ExpressionsBasicTest.HeadersCompileSuccessfully" "--gtest_also_run_disabled_tests"
Directory: /home/spinoza/github/alpha/algebraic_reducers/build/tests
"ExpressionsBasicTest.HeadersCompileSuccessfully" start time: Sep 07 13:09 CDT
Output:
----------------------------------------------------------
Running main() from ./googletest/src/gtest_main.cc
Note: Google Test filter = ExpressionsBasicTest.HeadersCompileSuccessfully
[==========] Running 1 test from 1 test suite.
[----------] Global test environment set-up.
[----------] 1 test from ExpressionsBasicTest
[ RUN      ] ExpressionsBasicTest.HeadersCompileSuccessfully
[       OK ] ExpressionsBasicTest.HeadersCompileSuccessfully (0 ms)
[----------] 1 test from ExpressionsBasicTest (0 ms total)

[----------] Global test environment tear-down
[==========] 1 test from 1 test suite ran. (0 ms total)
[  PASSED  ] 1 test.
<end of output>
Test time =   0.00 sec
----------------------------------------------------------
Test Passed.
"ExpressionsBasicTest.HeadersCompileSuccessfully" end time: Sep 07 13:09 CDT
"ExpressionsBasicTest.HeadersCompileSuccessfully" time elapsed: 00:00:00
----------------------------------------------------------

51/63 Testing: ExpressionsBasicTest.TypesCanBeInstantiated
51/63 Test: ExpressionsBasicTest.TypesCanBeInstantiated
Command: "/home/spinoza/github/alpha/algebraic_reducers/build/tests/test_expressions_basic" "--gtest_filter=ExpressionsBasicTest.TypesCanBeInstantiated" "--gtest_also_run_disabled_tests"
Directory: /home/spinoza/github/alpha/algebraic_reducers/build/tests
"ExpressionsBasicTest.TypesCanBeInstantiated" start time: Sep 07 13:09 CDT
Output:
----------------------------------------------------------
Running main() from ./googletest/src/gtest_main.cc
Note: Google Test filter = ExpressionsBasicTest.TypesCanBeInstantiated
[==========] Running 1 test from 1 test suite.
[----------] Global test environment set-up.
[----------] 1 test from ExpressionsBasicTest
[ RUN      ] ExpressionsBasicTest.TypesCanBeInstantiated
[       OK ] ExpressionsBasicTest.TypesCanBeInstantiated (0 ms)
[----------] 1 test from ExpressionsBasicTest (0 ms total)

[----------] Global test environment tear-down
[==========] 1 test from 1 test suite ran. (0 ms total)
[  PASSED  ] 1 test.
<end of output>
Test time =   0.00 sec
----------------------------------------------------------
Test Passed.
"ExpressionsBasicTest.TypesCanBeInstantiated" end time: Sep 07 13:09 CDT
"ExpressionsBasicTest.TypesCanBeInstantiated" time elapsed: 00:00:00
----------------------------------------------------------

52/63 Testing: ExpressionsBasicTest.ExpressionRelatedFunctionality
52/63 Test: ExpressionsBasicTest.ExpressionRelatedFunctionality
Command: "/home/spinoza/github/alpha/algebraic_reducers/build/tests/test_expressions_basic" "--gtest_filter=ExpressionsBasicTest.ExpressionRelatedFunctionality" "--gtest_also_run_disabled_tests"
Directory: /home/spinoza/github/alpha/algebraic_reducers/build/tests
"ExpressionsBasicTest.ExpressionRelatedFunctionality" start time: Sep 07 13:09 CDT
Output:
----------------------------------------------------------
Running main() from ./googletest/src/gtest_main.cc
Note: Google Test filter = ExpressionsBasicTest.ExpressionRelatedFunctionality
[==========] Running 1 test from 1 test suite.
[----------] Global test environment set-up.
[----------] 1 test from ExpressionsBasicTest
[ RUN      ] ExpressionsBasicTest.ExpressionRelatedFunctionality
[       OK ] ExpressionsBasicTest.ExpressionRelatedFunctionality (0 ms)
[----------] 1 test from ExpressionsBasicTest (0 ms total)

[----------] Global test environment tear-down
[==========] 1 test from 1 test suite ran. (0 ms total)
[  PASSED  ] 1 test.
<end of output>
Test time =   0.00 sec
----------------------------------------------------------
Test Passed.
"ExpressionsBasicTest.ExpressionRelatedFunctionality" end time: Sep 07 13:09 CDT
"ExpressionsBasicTest.ExpressionRelatedFunctionality" time elapsed: 00:00:00
----------------------------------------------------------

53/63 Testing: UtilityCoverageTest.KBNSumAbsFunction
53/63 Test: UtilityCoverageTest.KBNSumAbsFunction
Command: "/home/spinoza/github/alpha/algebraic_reducers/build/tests/test_utility_coverage" "--gtest_filter=UtilityCoverageTest.KBNSumAbsFunction" "--gtest_also_run_disabled_tests"
Directory: /home/spinoza/github/alpha/algebraic_reducers/build/tests
"UtilityCoverageTest.KBNSumAbsFunction" start time: Sep 07 13:09 CDT
Output:
----------------------------------------------------------
Running main() from ./googletest/src/gtest_main.cc
Note: Google Test filter = UtilityCoverageTest.KBNSumAbsFunction
[==========] Running 1 test from 1 test suite.
[----------] Global test environment set-up.
[----------] 1 test from UtilityCoverageTest
[ RUN      ] UtilityCoverageTest.KBNSumAbsFunction
[       OK ] UtilityCoverageTest.KBNSumAbsFunction (0 ms)
[----------] 1 test from UtilityCoverageTest (0 ms total)

[----------] Global test environment tear-down
[==========] 1 test from 1 test suite ran. (0 ms total)
[  PASSED  ] 1 test.
<end of output>
Test time =   0.00 sec
----------------------------------------------------------
Test Passed.
"UtilityCoverageTest.KBNSumAbsFunction" end time: Sep 07 13:09 CDT
"UtilityCoverageTest.KBNSumAbsFunction" time elapsed: 00:00:00
----------------------------------------------------------

54/63 Testing: UtilityCoverageTest.KBNSumFloatBranchCoverage
54/63 Test: UtilityCoverageTest.KBNSumFloatBranchCoverage
Command: "/home/spinoza/github/alpha/algebraic_reducers/build/tests/test_utility_coverage" "--gtest_filter=UtilityCoverageTest.KBNSumFloatBranchCoverage" "--gtest_also_run_disabled_tests"
Directory: /home/spinoza/github/alpha/algebraic_reducers/build/tests
"UtilityCoverageTest.KBNSumFloatBranchCoverage" start time: Sep 07 13:09 CDT
Output:
----------------------------------------------------------
Running main() from ./googletest/src/gtest_main.cc
Note: Google Test filter = UtilityCoverageTest.KBNSumFloatBranchCoverage
[==========] Running 1 test from 1 test suite.
[----------] Global test environment set-up.
[----------] 1 test from UtilityCoverageTest
[ RUN      ] UtilityCoverageTest.KBNSumFloatBranchCoverage
[       OK ] UtilityCoverageTest.KBNSumFloatBranchCoverage (0 ms)
[----------] 1 test from UtilityCoverageTest (0 ms total)

[----------] Global test environment tear-down
[==========] 1 test from 1 test suite ran. (0 ms total)
[  PASSED  ] 1 test.
<end of output>
Test time =   0.00 sec
----------------------------------------------------------
Test Passed.
"UtilityCoverageTest.KBNSumFloatBranchCoverage" end time: Sep 07 13:09 CDT
"UtilityCoverageTest.KBNSumFloatBranchCoverage" time elapsed: 00:00:00
----------------------------------------------------------

55/63 Testing: UtilityCoverageTest.WelfordUtilityFunctions
55/63 Test: UtilityCoverageTest.WelfordUtilityFunctions
Command: "/home/spinoza/github/alpha/algebraic_reducers/build/tests/test_utility_coverage" "--gtest_filter=UtilityCoverageTest.WelfordUtilityFunctions" "--gtest_also_run_disabled_tests"
Directory: /home/spinoza/github/alpha/algebraic_reducers/build/tests
"UtilityCoverageTest.WelfordUtilityFunctions" start time: Sep 07 13:09 CDT
Output:
----------------------------------------------------------
Running main() from ./googletest/src/gtest_main.cc
Note: Google Test filter = UtilityCoverageTest.WelfordUtilityFunctions
[==========] Running 1 test from 1 test suite.
[----------] Global test environment set-up.
[----------] 1 test from UtilityCoverageTest
[ RUN      ] UtilityCoverageTest.WelfordUtilityFunctions
[       OK ] UtilityCoverageTest.WelfordUtilityFunctions (0 ms)
[----------] 1 test from UtilityCoverageTest (0 ms total)

[----------] Global test environment tear-down
[==========] 1 test from 1 test suite ran. (0 ms total)
[  PASSED  ] 1 test.
<end of output>
Test time =   0.00 sec
----------------------------------------------------------
Test Passed.
"UtilityCoverageTest.WelfordUtilityFunctions" end time: Sep 07 13:09 CDT
"UtilityCoverageTest.WelfordUtilityFunctions" time elapsed: 00:00:00
----------------------------------------------------------

56/63 Testing: UtilityCoverageTest.WelfordValueConstructor
56/63 Test: UtilityCoverageTest.WelfordValueConstructor
Command: "/home/spinoza/github/alpha/algebraic_reducers/build/tests/test_utility_coverage" "--gtest_filter=UtilityCoverageTest.WelfordValueConstructor" "--gtest_also_run_disabled_tests"
Directory: /home/spinoza/github/alpha/algebraic_reducers/build/tests
"UtilityCoverageTest.WelfordValueConstructor" start time: Sep 07 13:09 CDT
Output:
----------------------------------------------------------
Running main() from ./googletest/src/gtest_main.cc
Note: Google Test filter = UtilityCoverageTest.WelfordValueConstructor
[==========] Running 1 test from 1 test suite.
[----------] Global test environment set-up.
[----------] 1 test from UtilityCoverageTest
[ RUN      ] UtilityCoverageTest.WelfordValueConstructor
[       OK ] UtilityCoverageTest.WelfordValueConstructor (0 ms)
[----------] 1 test from UtilityCoverageTest (0 ms total)

[----------] Global test environment tear-down
[==========] 1 test from 1 test suite ran. (0 ms total)
[  PASSED  ] 1 test.
<end of output>
Test time =   0.00 sec
----------------------------------------------------------
Test Passed.
"UtilityCoverageTest.WelfordValueConstructor" end time: Sep 07 13:09 CDT
"UtilityCoverageTest.WelfordValueConstructor" time elapsed: 00:00:00
----------------------------------------------------------

57/63 Testing: UtilityCoverageTest.KBNSumEvalMethod
57/63 Test: UtilityCoverageTest.KBNSumEvalMethod
Command: "/home/spinoza/github/alpha/algebraic_reducers/build/tests/test_utility_coverage" "--gtest_filter=UtilityCoverageTest.KBNSumEvalMethod" "--gtest_also_run_disabled_tests"
Directory: /home/spinoza/github/alpha/algebraic_reducers/build/tests
"UtilityCoverageTest.KBNSumEvalMethod" start time: Sep 07 13:09 CDT
Output:
----------------------------------------------------------
Running main() from ./googletest/src/gtest_main.cc
Note: Google Test filter = UtilityCoverageTest.KBNSumEvalMethod
[==========] Running 1 test from 1 test suite.
[----------] Global test environment set-up.
[----------] 1 test from UtilityCoverageTest
[ RUN      ] UtilityCoverageTest.KBNSumEvalMethod
[       OK ] UtilityCoverageTest.KBNSumEvalMethod (0 ms)
[----------] 1 test from UtilityCoverageTest (0 ms total)

[----------] Global test environment tear-down
[==========] 1 test from 1 test suite ran. (0 ms total)
[  PASSED  ] 1 test.
<end of output>
Test time =   0.00 sec
----------------------------------------------------------
Test Passed.
"UtilityCoverageTest.KBNSumEvalMethod" end time: Sep 07 13:09 CDT
"UtilityCoverageTest.KBNSumEvalMethod" time elapsed: 00:00:00
----------------------------------------------------------

58/63 Testing: UtilityCoverageTest.KBNSumScalarComparison
58/63 Test: UtilityCoverageTest.KBNSumScalarComparison
Command: "/home/spinoza/github/alpha/algebraic_reducers/build/tests/test_utility_coverage" "--gtest_filter=UtilityCoverageTest.KBNSumScalarComparison" "--gtest_also_run_disabled_tests"
Directory: /home/spinoza/github/alpha/algebraic_reducers/build/tests
"UtilityCoverageTest.KBNSumScalarComparison" start time: Sep 07 13:09 CDT
Output:
----------------------------------------------------------
Running main() from ./googletest/src/gtest_main.cc
Note: Google Test filter = UtilityCoverageTest.KBNSumScalarComparison
[==========] Running 1 test from 1 test suite.
[----------] Global test environment set-up.
[----------] 1 test from UtilityCoverageTest
[ RUN      ] UtilityCoverageTest.KBNSumScalarComparison
[       OK ] UtilityCoverageTest.KBNSumScalarComparison (0 ms)
[----------] 1 test from UtilityCoverageTest (0 ms total)

[----------] Global test environment tear-down
[==========] 1 test from 1 test suite ran. (0 ms total)
[  PASSED  ] 1 test.
<end of output>
Test time =   0.00 sec
----------------------------------------------------------
Test Passed.
"UtilityCoverageTest.KBNSumScalarComparison" end time: Sep 07 13:09 CDT
"UtilityCoverageTest.KBNSumScalarComparison" time elapsed: 00:00:00
----------------------------------------------------------

59/63 Testing: UtilityCoverageTest.KBNSumValueAssignment
59/63 Test: UtilityCoverageTest.KBNSumValueAssignment
Command: "/home/spinoza/github/alpha/algebraic_reducers/build/tests/test_utility_coverage" "--gtest_filter=UtilityCoverageTest.KBNSumValueAssignment" "--gtest_also_run_disabled_tests"
Directory: /home/spinoza/github/alpha/algebraic_reducers/build/tests
"UtilityCoverageTest.KBNSumValueAssignment" start time: Sep 07 13:09 CDT
Output:
----------------------------------------------------------
Running main() from ./googletest/src/gtest_main.cc
Note: Google Test filter = UtilityCoverageTest.KBNSumValueAssignment
[==========] Running 1 test from 1 test suite.
[----------] Global test environment set-up.
[----------] 1 test from UtilityCoverageTest
[ RUN      ] UtilityCoverageTest.KBNSumValueAssignment
[       OK ] UtilityCoverageTest.KBNSumValueAssignment (0 ms)
[----------] 1 test from UtilityCoverageTest (0 ms total)

[----------] Global test environment tear-down
[==========] 1 test from 1 test suite ran. (0 ms total)
[  PASSED  ] 1 test.
<end of output>
Test time =   0.00 sec
----------------------------------------------------------
Test Passed.
"UtilityCoverageTest.KBNSumValueAssignment" end time: Sep 07 13:09 CDT
"UtilityCoverageTest.KBNSumValueAssignment" time elapsed: 00:00:00
----------------------------------------------------------

60/63 Testing: UtilityCoverageTest.ExtremePrecisionCases
60/63 Test: UtilityCoverageTest.ExtremePrecisionCases
Command: "/home/spinoza/github/alpha/algebraic_reducers/build/tests/test_utility_coverage" "--gtest_filter=UtilityCoverageTest.ExtremePrecisionCases" "--gtest_also_run_disabled_tests"
Directory: /home/spinoza/github/alpha/algebraic_reducers/build/tests
"UtilityCoverageTest.ExtremePrecisionCases" start time: Sep 07 13:09 CDT
Output:
----------------------------------------------------------
Running main() from ./googletest/src/gtest_main.cc
Note: Google Test filter = UtilityCoverageTest.ExtremePrecisionCases
[==========] Running 1 test from 1 test suite.
[----------] Global test environment set-up.
[----------] 1 test from UtilityCoverageTest
[ RUN      ] UtilityCoverageTest.ExtremePrecisionCases
[       OK ] UtilityCoverageTest.ExtremePrecisionCases (0 ms)
[----------] 1 test from UtilityCoverageTest (0 ms total)

[----------] Global test environment tear-down
[==========] 1 test from 1 test suite ran. (0 ms total)
[  PASSED  ] 1 test.
<end of output>
Test time =   0.00 sec
----------------------------------------------------------
Test Passed.
"UtilityCoverageTest.ExtremePrecisionCases" end time: Sep 07 13:09 CDT
"UtilityCoverageTest.ExtremePrecisionCases" time elapsed: 00:00:00
----------------------------------------------------------

61/63 Testing: UtilityCoverageTest.WelfordEdgeCases
61/63 Test: UtilityCoverageTest.WelfordEdgeCases
Command: "/home/spinoza/github/alpha/algebraic_reducers/build/tests/test_utility_coverage" "--gtest_filter=UtilityCoverageTest.WelfordEdgeCases" "--gtest_also_run_disabled_tests"
Directory: /home/spinoza/github/alpha/algebraic_reducers/build/tests
"UtilityCoverageTest.WelfordEdgeCases" start time: Sep 07 13:09 CDT
Output:
----------------------------------------------------------
Running main() from ./googletest/src/gtest_main.cc
Note: Google Test filter = UtilityCoverageTest.WelfordEdgeCases
[==========] Running 1 test from 1 test suite.
[----------] Global test environment set-up.
[----------] 1 test from UtilityCoverageTest
[ RUN      ] UtilityCoverageTest.WelfordEdgeCases
[       OK ] UtilityCoverageTest.WelfordEdgeCases (0 ms)
[----------] 1 test from UtilityCoverageTest (0 ms total)

[----------] Global test environment tear-down
[==========] 1 test from 1 test suite ran. (0 ms total)
[  PASSED  ] 1 test.
<end of output>
Test time =   0.00 sec
----------------------------------------------------------
Test Passed.
"UtilityCoverageTest.WelfordEdgeCases" end time: Sep 07 13:09 CDT
"UtilityCoverageTest.WelfordEdgeCases" time elapsed: 00:00:00
----------------------------------------------------------

62/63 Testing: UtilityCoverageTest.KBNWelfordTypeAlias
62/63 Test: UtilityCoverageTest.KBNWelfordTypeAlias
Command: "/home/spinoza/github/alpha/algebraic_reducers/build/tests/test_utility_coverage" "--gtest_filter=UtilityCoverageTest.KBNWelfordTypeAlias" "--gtest_also_run_disabled_tests"
Directory: /home/spinoza/github/alpha/algebraic_reducers/build/tests
"UtilityCoverageTest.KBNWelfordTypeAlias" start time: Sep 07 13:09 CDT
Output:
----------------------------------------------------------
Running main() from ./googletest/src/gtest_main.cc
Note: Google Test filter = UtilityCoverageTest.KBNWelfordTypeAlias
[==========] Running 1 test from 1 test suite.
[----------] Global test environment set-up.
[----------] 1 test from UtilityCoverageTest
[ RUN      ] UtilityCoverageTest.KBNWelfordTypeAlias
[       OK ] UtilityCoverageTest.KBNWelfordTypeAlias (0 ms)
[----------] 1 test from UtilityCoverageTest (0 ms total)

[----------] Global test environment tear-down
[==========] 1 test from 1 test suite ran. (0 ms total)
[  PASSED  ] 1 test.
<end of output>
Test time =   0.00 sec
----------------------------------------------------------
Test Passed.
"UtilityCoverageTest.KBNWelfordTypeAlias" end time: Sep 07 13:09 CDT
"UtilityCoverageTest.KBNWelfordTypeAlias" time elapsed: 00:00:00
----------------------------------------------------------

63/63 Testing: UtilityCoverageTest.ZeroAndNegativeOperations
63/63 Test: UtilityCoverageTest.ZeroAndNegativeOperations
Command: "/home/spinoza/github/alpha/algebraic_reducers/build/tests/test_utility_coverage" "--gtest_filter=UtilityCoverageTest.ZeroAndNegativeOperations" "--gtest_also_run_disabled_tests"
Directory: /home/spinoza/github/alpha/algebraic_reducers/build/tests
"UtilityCoverageTest.ZeroAndNegativeOperations" start time: Sep 07 13:09 CDT
Output:
----------------------------------------------------------
Running main() from ./googletest/src/gtest_main.cc
Note: Google Test filter = UtilityCoverageTest.ZeroAndNegativeOperations
[==========] Running 1 test from 1 test suite.
[----------] Global test environment set-up.
[----------] 1 test from UtilityCoverageTest
[ RUN      ] UtilityCoverageTest.ZeroAndNegativeOperations
[       OK ] UtilityCoverageTest.ZeroAndNegativeOperations (0 ms)
[----------] 1 test from UtilityCoverageTest (0 ms total)

[----------] Global test environment tear-down
[==========] 1 test from 1 test suite ran. (0 ms total)
[  PASSED  ] 1 test.
<end of output>
Test time =   0.00 sec
----------------------------------------------------------
Test Passed.
"UtilityCoverageTest.ZeroAndNegativeOperations" end time: Sep 07 13:09 CDT
"UtilityCoverageTest.ZeroAndNegativeOperations" time elapsed: 00:00:00
----------------------------------------------------------

End testing: Sep 07 13:09 CDT
