        -:    0:Source:/usr/include/c++/13/bits/random.h
        -:    1:// random number generation -*- C++ -*-
        -:    2:
        -:    3:// Copyright (C) 2009-2023 Free Software Foundation, Inc.
        -:    4://
        -:    5:// This file is part of the GNU ISO C++ Library.  This library is free
        -:    6:// software; you can redistribute it and/or modify it under the
        -:    7:// terms of the GNU General Public License as published by the
        -:    8:// Free Software Foundation; either version 3, or (at your option)
        -:    9:// any later version.
        -:   10:
        -:   11:// This library is distributed in the hope that it will be useful,
        -:   12:// but WITHOUT ANY WARRANTY; without even the implied warranty of
        -:   13:// MERCHANTABILITY or FITNESS FOR A PARTICULAR PURPOSE.  See the
        -:   14:// GNU General Public License for more details.
        -:   15:
        -:   16:// Under Section 7 of GPL version 3, you are granted additional
        -:   17:// permissions described in the GCC Runtime Library Exception, version
        -:   18:// 3.1, as published by the Free Software Foundation.
        -:   19:
        -:   20:// You should have received a copy of the GNU General Public License and
        -:   21:// a copy of the GCC Runtime Library Exception along with this program;
        -:   22:// see the files COPYING3 and COPYING.RUNTIME respectively.  If not, see
        -:   23:// <http://www.gnu.org/licenses/>.
        -:   24:
        -:   25:/**
        -:   26: * @file bits/random.h
        -:   27: *  This is an internal header file, included by other library headers.
        -:   28: *  Do not attempt to use it directly. @headername{random}
        -:   29: */
        -:   30:
        -:   31:#ifndef _RANDOM_H
        -:   32:#define _RANDOM_H 1
        -:   33:
        -:   34:#include <vector>
        -:   35:#include <bits/uniform_int_dist.h>
        -:   36:
        -:   37:namespace std _GLIBCXX_VISIBILITY(default)
        -:   38:{
        -:   39:_GLIBCXX_BEGIN_NAMESPACE_VERSION
        -:   40:
        -:   41:  // [26.4] Random number generation
        -:   42:
        -:   43:  /**
        -:   44:   * @defgroup random Random Number Generation
        -:   45:   * @ingroup numerics
        -:   46:   *
        -:   47:   * A facility for generating random numbers on selected distributions.
        -:   48:   * @{
        -:   49:   */
        -:   50:
        -:   51:  // std::uniform_random_bit_generator is defined in <bits/uniform_int_dist.h>
        -:   52:
        -:   53:  /**
        -:   54:   * @brief A function template for converting the output of a (integral)
        -:   55:   * uniform random number generator to a floatng point result in the range
        -:   56:   * [0-1).
        -:   57:   */
        -:   58:  template<typename _RealType, size_t __bits,
        -:   59:	   typename _UniformRandomNumberGenerator>
        -:   60:    _RealType
        -:   61:    generate_canonical(_UniformRandomNumberGenerator& __g);
        -:   62:
        -:   63:  /// @cond undocumented
        -:   64:  // Implementation-space details.
        -:   65:  namespace __detail
        -:   66:  {
        -:   67:    template<typename _UIntType, size_t __w,
        -:   68:	     bool = __w < static_cast<size_t>
        -:   69:			  (std::numeric_limits<_UIntType>::digits)>
        -:   70:      struct _Shift
        -:   71:      { static constexpr _UIntType __value = 0; };
        -:   72:
        -:   73:    template<typename _UIntType, size_t __w>
        -:   74:      struct _Shift<_UIntType, __w, true>
        -:   75:      { static constexpr _UIntType __value = _UIntType(1) << __w; };
        -:   76:
        -:   77:    template<int __s,
        -:   78:	     int __which = ((__s <= __CHAR_BIT__ * sizeof (int))
        -:   79:			    + (__s <= __CHAR_BIT__ * sizeof (long))
        -:   80:			    + (__s <= __CHAR_BIT__ * sizeof (long long))
        -:   81:			    /* assume long long no bigger than __int128 */
        -:   82:			    + (__s <= 128))>
        -:   83:      struct _Select_uint_least_t
        -:   84:      {
        -:   85:	static_assert(__which < 0, /* needs to be dependent */
        -:   86:		      "sorry, would be too much trouble for a slow result");
        -:   87:      };
        -:   88:
        -:   89:    template<int __s>
        -:   90:      struct _Select_uint_least_t<__s, 4>
        -:   91:      { using type = unsigned int; };
        -:   92:
        -:   93:    template<int __s>
        -:   94:      struct _Select_uint_least_t<__s, 3>
        -:   95:      { using type = unsigned long; };
        -:   96:
        -:   97:    template<int __s>
        -:   98:      struct _Select_uint_least_t<__s, 2>
        -:   99:      { using type = unsigned long long; };
        -:  100:
        -:  101:#if __SIZEOF_INT128__ > __SIZEOF_LONG_LONG__
        -:  102:    template<int __s>
        -:  103:      struct _Select_uint_least_t<__s, 1>
        -:  104:      { __extension__ using type = unsigned __int128; };
        -:  105:#endif
        -:  106:
        -:  107:    // Assume a != 0, a < m, c < m, x < m.
        -:  108:    template<typename _Tp, _Tp __m, _Tp __a, _Tp __c,
        -:  109:	     bool __big_enough = (!(__m & (__m - 1))
        -:  110:				  || (_Tp(-1) - __c) / __a >= __m - 1),
        -:  111:             bool __schrage_ok = __m % __a < __m / __a>
        -:  112:      struct _Mod
        -:  113:      {
        -:  114:	static _Tp
        -:  115:	__calc(_Tp __x)
        -:  116:	{
        -:  117:	  using _Tp2
        -:  118:	    = typename _Select_uint_least_t<std::__lg(__a)
        -:  119:					    + std::__lg(__m) + 2>::type;
        -:  120:	  return static_cast<_Tp>((_Tp2(__a) * __x + __c) % __m);
        -:  121:	}
        -:  122:      };
        -:  123:
        -:  124:    // Schrage.
        -:  125:    template<typename _Tp, _Tp __m, _Tp __a, _Tp __c>
        -:  126:      struct _Mod<_Tp, __m, __a, __c, false, true>
        -:  127:      {
        -:  128:	static _Tp
        -:  129:	__calc(_Tp __x);
        -:  130:      };
        -:  131:
        -:  132:    // Special cases:
        -:  133:    // - for m == 2^n or m == 0, unsigned integer overflow is safe.
        -:  134:    // - a * (m - 1) + c fits in _Tp, there is no overflow.
        -:  135:    template<typename _Tp, _Tp __m, _Tp __a, _Tp __c, bool __s>
        -:  136:      struct _Mod<_Tp, __m, __a, __c, true, __s>
        -:  137:      {
        -:  138:	static _Tp
     2494:  139:	__calc(_Tp __x)
        -:  140:	{
     2494:  141:	  _Tp __res = __a * __x + __c;
        -:  142:	  if (__m)
     2494:  143:	    __res %= __m;
     2494:  144:	  return __res;
        -:  145:	}
------------------
_ZNSt8__detail4_ModImLm624ELm1ELm0ELb1ELb1EE6__calcEm:
      623:  139:	__calc(_Tp __x)
        -:  140:	{
      623:  141:	  _Tp __res = __a * __x + __c;
        -:  142:	  if (__m)
      623:  143:	    __res %= __m;
      623:  144:	  return __res;
        -:  145:	}
------------------
_ZNSt8__detail4_ModImLm4294967296ELm1ELm0ELb1ELb1EE6__calcEm:
      624:  139:	__calc(_Tp __x)
        -:  140:	{
      624:  141:	  _Tp __res = __a * __x + __c;
        -:  142:	  if (__m)
      624:  143:	    __res %= __m;
      624:  144:	  return __res;
        -:  145:	}
------------------
_ZNSt8__detail4_ModImLm624ELm1ELm0ELb1ELb1EE6__calcEm:
      623:  139:	__calc(_Tp __x)
        -:  140:	{
      623:  141:	  _Tp __res = __a * __x + __c;
        -:  142:	  if (__m)
      623:  143:	    __res %= __m;
      623:  144:	  return __res;
        -:  145:	}
------------------
_ZNSt8__detail4_ModImLm4294967296ELm1ELm0ELb1ELb1EE6__calcEm:
      624:  139:	__calc(_Tp __x)
        -:  140:	{
      624:  141:	  _Tp __res = __a * __x + __c;
        -:  142:	  if (__m)
      624:  143:	    __res %= __m;
      624:  144:	  return __res;
        -:  145:	}
------------------
        -:  146:      };
        -:  147:
        -:  148:    template<typename _Tp, _Tp __m, _Tp __a = 1, _Tp __c = 0>
        -:  149:      inline _Tp
     2494:  150:      __mod(_Tp __x)
        -:  151:      {
        -:  152:	if _GLIBCXX17_CONSTEXPR (__a == 0)
        -:  153:	  return __c;
        -:  154:	else
        -:  155:	  {
        -:  156:	    // _Mod must not be instantiated with a == 0
     2494:  157:	    constexpr _Tp __a1 = __a ? __a : 1;
     2494:  158:	    return _Mod<_Tp, __m, __a1, __c>::__calc(__x);
        -:  159:	  }
        -:  160:      }
------------------
_ZNSt8__detail5__modImLm624ELm1ELm0EEET_S1_:
      623:  150:      __mod(_Tp __x)
        -:  151:      {
        -:  152:	if _GLIBCXX17_CONSTEXPR (__a == 0)
        -:  153:	  return __c;
        -:  154:	else
        -:  155:	  {
        -:  156:	    // _Mod must not be instantiated with a == 0
      623:  157:	    constexpr _Tp __a1 = __a ? __a : 1;
      623:  158:	    return _Mod<_Tp, __m, __a1, __c>::__calc(__x);
        -:  159:	  }
        -:  160:      }
------------------
_ZNSt8__detail5__modImLm4294967296ELm1ELm0EEET_S1_:
      624:  150:      __mod(_Tp __x)
        -:  151:      {
        -:  152:	if _GLIBCXX17_CONSTEXPR (__a == 0)
        -:  153:	  return __c;
        -:  154:	else
        -:  155:	  {
        -:  156:	    // _Mod must not be instantiated with a == 0
      624:  157:	    constexpr _Tp __a1 = __a ? __a : 1;
      624:  158:	    return _Mod<_Tp, __m, __a1, __c>::__calc(__x);
        -:  159:	  }
        -:  160:      }
------------------
_ZNSt8__detail5__modImLm624ELm1ELm0EEET_S1_:
      623:  150:      __mod(_Tp __x)
        -:  151:      {
        -:  152:	if _GLIBCXX17_CONSTEXPR (__a == 0)
        -:  153:	  return __c;
        -:  154:	else
        -:  155:	  {
        -:  156:	    // _Mod must not be instantiated with a == 0
      623:  157:	    constexpr _Tp __a1 = __a ? __a : 1;
      623:  158:	    return _Mod<_Tp, __m, __a1, __c>::__calc(__x);
        -:  159:	  }
        -:  160:      }
------------------
_ZNSt8__detail5__modImLm4294967296ELm1ELm0EEET_S1_:
      624:  150:      __mod(_Tp __x)
        -:  151:      {
        -:  152:	if _GLIBCXX17_CONSTEXPR (__a == 0)
        -:  153:	  return __c;
        -:  154:	else
        -:  155:	  {
        -:  156:	    // _Mod must not be instantiated with a == 0
      624:  157:	    constexpr _Tp __a1 = __a ? __a : 1;
      624:  158:	    return _Mod<_Tp, __m, __a1, __c>::__calc(__x);
        -:  159:	  }
        -:  160:      }
------------------
        -:  161:
        -:  162:    /*
        -:  163:     * An adaptor class for converting the output of any Generator into
        -:  164:     * the input for a specific Distribution.
        -:  165:     */
        -:  166:    template<typename _Engine, typename _DInputType>
        -:  167:      struct _Adaptor
        -:  168:      {
        -:  169:	static_assert(std::is_floating_point<_DInputType>::value,
        -:  170:		      "template argument must be a floating point type");
        -:  171:
        -:  172:      public:
    20000:  173:	_Adaptor(_Engine& __g)
    20000:  174:	: _M_g(__g) { }
------------------
_ZNSt8__detail8_AdaptorISt23mersenne_twister_engineImLm32ELm624ELm397ELm31ELm2567483615ELm11ELm4294967295ELm7ELm2636928640ELm15ELm4022730752ELm18ELm1812433253EEdEC2ERS2_:
    10000:  173:	_Adaptor(_Engine& __g)
    10000:  174:	: _M_g(__g) { }
------------------
_ZNSt8__detail8_AdaptorISt23mersenne_twister_engineImLm32ELm624ELm397ELm31ELm2567483615ELm11ELm4294967295ELm7ELm2636928640ELm15ELm4022730752ELm18ELm1812433253EEdEC2ERS2_:
    10000:  173:	_Adaptor(_Engine& __g)
    10000:  174:	: _M_g(__g) { }
------------------
        -:  175:
        -:  176:	_DInputType
        -:  177:	min() const
        -:  178:	{ return _DInputType(0); }
        -:  179:
        -:  180:	_DInputType
        -:  181:	max() const
        -:  182:	{ return _DInputType(1); }
        -:  183:
        -:  184:	/*
        -:  185:	 * Converts a value generated by the adapted random number generator
        -:  186:	 * into a value in the input domain for the dependent random number
        -:  187:	 * distribution.
        -:  188:	 */
        -:  189:	_DInputType
    20000:  190:	operator()()
        -:  191:	{
        -:  192:	  return std::generate_canonical<_DInputType,
        -:  193:	                            std::numeric_limits<_DInputType>::digits,
    20000:  194:	                            _Engine>(_M_g);
        -:  195:	}
------------------
_ZNSt8__detail8_AdaptorISt23mersenne_twister_engineImLm32ELm624ELm397ELm31ELm2567483615ELm11ELm4294967295ELm7ELm2636928640ELm15ELm4022730752ELm18ELm1812433253EEdEclEv:
    10000:  190:	operator()()
        -:  191:	{
        -:  192:	  return std::generate_canonical<_DInputType,
        -:  193:	                            std::numeric_limits<_DInputType>::digits,
    10000:  194:	                            _Engine>(_M_g);
        -:  195:	}
------------------
_ZNSt8__detail8_AdaptorISt23mersenne_twister_engineImLm32ELm624ELm397ELm31ELm2567483615ELm11ELm4294967295ELm7ELm2636928640ELm15ELm4022730752ELm18ELm1812433253EEdEclEv:
    10000:  190:	operator()()
        -:  191:	{
        -:  192:	  return std::generate_canonical<_DInputType,
        -:  193:	                            std::numeric_limits<_DInputType>::digits,
    10000:  194:	                            _Engine>(_M_g);
        -:  195:	}
------------------
        -:  196:
        -:  197:      private:
        -:  198:	_Engine& _M_g;
        -:  199:      };
        -:  200:
        -:  201:    // Detect whether a template argument _Sseq is a valid seed sequence for
        -:  202:    // a random number engine _Engine with result type _Res.
        -:  203:    // Used to constrain _Engine::_Engine(_Sseq&) and _Engine::seed(_Sseq&)
        -:  204:    // as required by [rand.eng.general].
        -:  205:
        -:  206:    template<typename _Sseq>
        -:  207:      using __seed_seq_generate_t = decltype(
        -:  208:	  std::declval<_Sseq&>().generate(std::declval<uint_least32_t*>(),
        -:  209:					  std::declval<uint_least32_t*>()));
        -:  210:
        -:  211:    template<typename _Sseq, typename _Engine, typename _Res,
        -:  212:	     typename _GenerateCheck = __seed_seq_generate_t<_Sseq>>
        -:  213:      using _If_seed_seq_for = _Require<
        -:  214:        __not_<is_same<__remove_cvref_t<_Sseq>, _Engine>>,
        -:  215:	is_unsigned<typename _Sseq::result_type>,
        -:  216:	__not_<is_convertible<_Sseq, _Res>>
        -:  217:      >;
        -:  218:
        -:  219:  } // namespace __detail
        -:  220:  /// @endcond
        -:  221:
        -:  222:  /**
        -:  223:   * @addtogroup random_generators Random Number Generators
        -:  224:   * @ingroup random
        -:  225:   *
        -:  226:   * These classes define objects which provide random or pseudorandom
        -:  227:   * numbers, either from a discrete or a continuous interval.  The
        -:  228:   * random number generator supplied as a part of this library are
        -:  229:   * all uniform random number generators which provide a sequence of
        -:  230:   * random number uniformly distributed over their range.
        -:  231:   *
        -:  232:   * A number generator is a function object with an operator() that
        -:  233:   * takes zero arguments and returns a number.
        -:  234:   *
        -:  235:   * A compliant random number generator must satisfy the following
        -:  236:   * requirements.  <table border=1 cellpadding=10 cellspacing=0>
        -:  237:   * <caption align=top>Random Number Generator Requirements</caption>
        -:  238:   * <tr><td>To be documented.</td></tr> </table>
        -:  239:   *
        -:  240:   * @{
        -:  241:   */
        -:  242:
        -:  243:  /**
        -:  244:   * @brief A model of a linear congruential random number generator.
        -:  245:   *
        -:  246:   * A random number generator that produces pseudorandom numbers via
        -:  247:   * linear function:
        -:  248:   * @f[
        -:  249:   *     x_{i+1}\leftarrow(ax_{i} + c) \bmod m 
        -:  250:   * @f]
        -:  251:   *
        -:  252:   * The template parameter @p _UIntType must be an unsigned integral type
        -:  253:   * large enough to store values up to (__m-1). If the template parameter
        -:  254:   * @p __m is 0, the modulus @p __m used is
        -:  255:   * std::numeric_limits<_UIntType>::max() plus 1. Otherwise, the template
        -:  256:   * parameters @p __a and @p __c must be less than @p __m.
        -:  257:   *
        -:  258:   * The size of the state is @f$1@f$.
        -:  259:   *
        -:  260:   * @headerfile random
        -:  261:   * @since C++11
        -:  262:   */
        -:  263:  template<typename _UIntType, _UIntType __a, _UIntType __c, _UIntType __m>
        -:  264:    class linear_congruential_engine
        -:  265:    {
        -:  266:      static_assert(std::is_unsigned<_UIntType>::value,
        -:  267:		    "result_type must be an unsigned integral type");
        -:  268:      static_assert(__m == 0u || (__a < __m && __c < __m),
        -:  269:		    "template argument substituting __m out of bounds");
        -:  270:
        -:  271:      template<typename _Sseq>
        -:  272:	using _If_seed_seq
        -:  273:	  = __detail::_If_seed_seq_for<_Sseq, linear_congruential_engine,
        -:  274:				       _UIntType>;
        -:  275:
        -:  276:    public:
        -:  277:      /** The type of the generated random value. */
        -:  278:      typedef _UIntType result_type;
        -:  279:
        -:  280:      /** The multiplier. */
        -:  281:      static constexpr result_type multiplier   = __a;
        -:  282:      /** An increment. */
        -:  283:      static constexpr result_type increment    = __c;
        -:  284:      /** The modulus. */
        -:  285:      static constexpr result_type modulus      = __m;
        -:  286:      static constexpr result_type default_seed = 1u;
        -:  287:
        -:  288:      /**
        -:  289:       * @brief Constructs a %linear_congruential_engine random number
        -:  290:       *        generator engine with seed 1.
        -:  291:       */
        -:  292:      linear_congruential_engine() : linear_congruential_engine(default_seed)
        -:  293:      { }
        -:  294:
        -:  295:      /**
        -:  296:       * @brief Constructs a %linear_congruential_engine random number
        -:  297:       *        generator engine with seed @p __s.  The default seed value
        -:  298:       *        is 1.
        -:  299:       *
        -:  300:       * @param __s The initial seed value.
        -:  301:       */
        -:  302:      explicit
        -:  303:      linear_congruential_engine(result_type __s)
        -:  304:      { seed(__s); }
        -:  305:
        -:  306:      /**
        -:  307:       * @brief Constructs a %linear_congruential_engine random number
        -:  308:       *        generator engine seeded from the seed sequence @p __q.
        -:  309:       *
        -:  310:       * @param __q the seed sequence.
        -:  311:       */
        -:  312:      template<typename _Sseq, typename = _If_seed_seq<_Sseq>>
        -:  313:        explicit
        -:  314:        linear_congruential_engine(_Sseq& __q)
        -:  315:        { seed(__q); }
        -:  316:
        -:  317:      /**
        -:  318:       * @brief Reseeds the %linear_congruential_engine random number generator
        -:  319:       *        engine sequence to the seed @p __s.
        -:  320:       *
        -:  321:       * @param __s The new seed.
        -:  322:       */
        -:  323:      void
        -:  324:      seed(result_type __s = default_seed);
        -:  325:
        -:  326:      /**
        -:  327:       * @brief Reseeds the %linear_congruential_engine random number generator
        -:  328:       *        engine
        -:  329:       * sequence using values from the seed sequence @p __q.
        -:  330:       *
        -:  331:       * @param __q the seed sequence.
        -:  332:       */
        -:  333:      template<typename _Sseq>
        -:  334:        _If_seed_seq<_Sseq>
        -:  335:        seed(_Sseq& __q);
        -:  336:
        -:  337:      /**
        -:  338:       * @brief Gets the smallest possible value in the output range.
        -:  339:       *
        -:  340:       * The minimum depends on the @p __c parameter: if it is zero, the
        -:  341:       * minimum generated must be > 0, otherwise 0 is allowed.
        -:  342:       */
        -:  343:      static constexpr result_type
        -:  344:      min()
        -:  345:      { return __c == 0u ? 1u : 0u; }
        -:  346:
        -:  347:      /**
        -:  348:       * @brief Gets the largest possible value in the output range.
        -:  349:       */
        -:  350:      static constexpr result_type
        -:  351:      max()
        -:  352:      { return __m - 1u; }
        -:  353:
        -:  354:      /**
        -:  355:       * @brief Discard a sequence of random numbers.
        -:  356:       */
        -:  357:      void
        -:  358:      discard(unsigned long long __z)
        -:  359:      {
        -:  360:	for (; __z != 0ULL; --__z)
        -:  361:	  (*this)();
        -:  362:      }
        -:  363:
        -:  364:      /**
        -:  365:       * @brief Gets the next random number in the sequence.
        -:  366:       */
        -:  367:      result_type
        -:  368:      operator()()
        -:  369:      {
        -:  370:	_M_x = __detail::__mod<_UIntType, __m, __a, __c>(_M_x);
        -:  371:	return _M_x;
        -:  372:      }
        -:  373:
        -:  374:      /**
        -:  375:       * @brief Compares two linear congruential random number generator
        -:  376:       * objects of the same type for equality.
        -:  377:       *
        -:  378:       * @param __lhs A linear congruential random number generator object.
        -:  379:       * @param __rhs Another linear congruential random number generator
        -:  380:       *              object.
        -:  381:       *
        -:  382:       * @returns true if the infinite sequences of generated values
        -:  383:       *          would be equal, false otherwise.
        -:  384:       */
        -:  385:      friend bool
        -:  386:      operator==(const linear_congruential_engine& __lhs,
        -:  387:		 const linear_congruential_engine& __rhs)
        -:  388:      { return __lhs._M_x == __rhs._M_x; }
        -:  389:
        -:  390:      /**
        -:  391:       * @brief Writes the textual representation of the state x(i) of x to
        -:  392:       *        @p __os.
        -:  393:       *
        -:  394:       * @param __os  The output stream.
        -:  395:       * @param __lcr A % linear_congruential_engine random number generator.
        -:  396:       * @returns __os.
        -:  397:       */
        -:  398:      template<typename _UIntType1, _UIntType1 __a1, _UIntType1 __c1,
        -:  399:	       _UIntType1 __m1, typename _CharT, typename _Traits>
        -:  400:	friend std::basic_ostream<_CharT, _Traits>&
        -:  401:	operator<<(std::basic_ostream<_CharT, _Traits>& __os,
        -:  402:		   const std::linear_congruential_engine<_UIntType1,
        -:  403:		   __a1, __c1, __m1>& __lcr);
        -:  404:
        -:  405:      /**
        -:  406:       * @brief Sets the state of the engine by reading its textual
        -:  407:       *        representation from @p __is.
        -:  408:       *
        -:  409:       * The textual representation must have been previously written using
        -:  410:       * an output stream whose imbued locale and whose type's template
        -:  411:       * specialization arguments _CharT and _Traits were the same as those
        -:  412:       * of @p __is.
        -:  413:       *
        -:  414:       * @param __is  The input stream.
        -:  415:       * @param __lcr A % linear_congruential_engine random number generator.
        -:  416:       * @returns __is.
        -:  417:       */
        -:  418:      template<typename _UIntType1, _UIntType1 __a1, _UIntType1 __c1,
        -:  419:	       _UIntType1 __m1, typename _CharT, typename _Traits>
        -:  420:	friend std::basic_istream<_CharT, _Traits>&
        -:  421:	operator>>(std::basic_istream<_CharT, _Traits>& __is,
        -:  422:		   std::linear_congruential_engine<_UIntType1, __a1,
        -:  423:		   __c1, __m1>& __lcr);
        -:  424:
        -:  425:    private:
        -:  426:      _UIntType _M_x;
        -:  427:    };
        -:  428:
        -:  429:#if __cpp_impl_three_way_comparison < 201907L
        -:  430:  /**
        -:  431:   * @brief Compares two linear congruential random number generator
        -:  432:   * objects of the same type for inequality.
        -:  433:   *
        -:  434:   * @param __lhs A linear congruential random number generator object.
        -:  435:   * @param __rhs Another linear congruential random number generator
        -:  436:   *              object.
        -:  437:   *
        -:  438:   * @returns true if the infinite sequences of generated values
        -:  439:   *          would be different, false otherwise.
        -:  440:   */
        -:  441:  template<typename _UIntType, _UIntType __a, _UIntType __c, _UIntType __m>
        -:  442:    inline bool
        -:  443:    operator!=(const std::linear_congruential_engine<_UIntType, __a,
        -:  444:	       __c, __m>& __lhs,
        -:  445:	       const std::linear_congruential_engine<_UIntType, __a,
        -:  446:	       __c, __m>& __rhs)
        -:  447:    { return !(__lhs == __rhs); }
        -:  448:#endif
        -:  449:
        -:  450:  /**
        -:  451:   * A generalized feedback shift register discrete random number generator.
        -:  452:   *
        -:  453:   * This algorithm avoids multiplication and division and is designed to be
        -:  454:   * friendly to a pipelined architecture.  If the parameters are chosen
        -:  455:   * correctly, this generator will produce numbers with a very long period and
        -:  456:   * fairly good apparent entropy, although still not cryptographically strong.
        -:  457:   *
        -:  458:   * The best way to use this generator is with the predefined mt19937 class.
        -:  459:   *
        -:  460:   * This algorithm was originally invented by Makoto Matsumoto and
        -:  461:   * Takuji Nishimura.
        -:  462:   *
        -:  463:   * @tparam __w  Word size, the number of bits in each element of 
        -:  464:   *              the state vector.
        -:  465:   * @tparam __n  The degree of recursion.
        -:  466:   * @tparam __m  The period parameter.
        -:  467:   * @tparam __r  The separation point bit index.
        -:  468:   * @tparam __a  The last row of the twist matrix.
        -:  469:   * @tparam __u  The first right-shift tempering matrix parameter.
        -:  470:   * @tparam __d  The first right-shift tempering matrix mask.
        -:  471:   * @tparam __s  The first left-shift tempering matrix parameter.
        -:  472:   * @tparam __b  The first left-shift tempering matrix mask.
        -:  473:   * @tparam __t  The second left-shift tempering matrix parameter.
        -:  474:   * @tparam __c  The second left-shift tempering matrix mask.
        -:  475:   * @tparam __l  The second right-shift tempering matrix parameter.
        -:  476:   * @tparam __f  Initialization multiplier.
        -:  477:   *
        -:  478:   * @headerfile random
        -:  479:   * @since C++11
        -:  480:   */
        -:  481:  template<typename _UIntType, size_t __w,
        -:  482:	   size_t __n, size_t __m, size_t __r,
        -:  483:	   _UIntType __a, size_t __u, _UIntType __d, size_t __s,
        -:  484:	   _UIntType __b, size_t __t,
        -:  485:	   _UIntType __c, size_t __l, _UIntType __f>
        -:  486:    class mersenne_twister_engine
        -:  487:    {
        -:  488:      static_assert(std::is_unsigned<_UIntType>::value,
        -:  489:		    "result_type must be an unsigned integral type");
        -:  490:      static_assert(1u <= __m && __m <= __n,
        -:  491:		    "template argument substituting __m out of bounds");
        -:  492:      static_assert(__r <= __w, "template argument substituting "
        -:  493:		    "__r out of bound");
        -:  494:      static_assert(__u <= __w, "template argument substituting "
        -:  495:		    "__u out of bound");
        -:  496:      static_assert(__s <= __w, "template argument substituting "
        -:  497:		    "__s out of bound");
        -:  498:      static_assert(__t <= __w, "template argument substituting "
        -:  499:		    "__t out of bound");
        -:  500:      static_assert(__l <= __w, "template argument substituting "
        -:  501:		    "__l out of bound");
        -:  502:      static_assert(__w <= std::numeric_limits<_UIntType>::digits,
        -:  503:		    "template argument substituting __w out of bound");
        -:  504:      static_assert(__a <= (__detail::_Shift<_UIntType, __w>::__value - 1),
        -:  505:		    "template argument substituting __a out of bound");
        -:  506:      static_assert(__b <= (__detail::_Shift<_UIntType, __w>::__value - 1),
        -:  507:		    "template argument substituting __b out of bound");
        -:  508:      static_assert(__c <= (__detail::_Shift<_UIntType, __w>::__value - 1),
        -:  509:		    "template argument substituting __c out of bound");
        -:  510:      static_assert(__d <= (__detail::_Shift<_UIntType, __w>::__value - 1),
        -:  511:		    "template argument substituting __d out of bound");
        -:  512:      static_assert(__f <= (__detail::_Shift<_UIntType, __w>::__value - 1),
        -:  513:		    "template argument substituting __f out of bound");
        -:  514:
        -:  515:      template<typename _Sseq>
        -:  516:	using _If_seed_seq
        -:  517:	  = __detail::_If_seed_seq_for<_Sseq, mersenne_twister_engine,
        -:  518:				       _UIntType>;
        -:  519:
        -:  520:    public:
        -:  521:      /** The type of the generated random value. */
        -:  522:      typedef _UIntType result_type;
        -:  523:
        -:  524:      // parameter values
        -:  525:      static constexpr size_t      word_size                 = __w;
        -:  526:      static constexpr size_t      state_size                = __n;
        -:  527:      static constexpr size_t      shift_size                = __m;
        -:  528:      static constexpr size_t      mask_bits                 = __r;
        -:  529:      static constexpr result_type xor_mask                  = __a;
        -:  530:      static constexpr size_t      tempering_u               = __u;
        -:  531:      static constexpr result_type tempering_d               = __d;
        -:  532:      static constexpr size_t      tempering_s               = __s;
        -:  533:      static constexpr result_type tempering_b               = __b;
        -:  534:      static constexpr size_t      tempering_t               = __t;
        -:  535:      static constexpr result_type tempering_c               = __c;
        -:  536:      static constexpr size_t      tempering_l               = __l;
        -:  537:      static constexpr result_type initialization_multiplier = __f;
        -:  538:      static constexpr result_type default_seed = 5489u;
        -:  539:
        -:  540:      // constructors and member functions
        -:  541:
        -:  542:      mersenne_twister_engine() : mersenne_twister_engine(default_seed) { }
        -:  543:
        -:  544:      explicit
        2:  545:      mersenne_twister_engine(result_type __sd)
        2:  546:      { seed(__sd); }
------------------
_ZNSt23mersenne_twister_engineImLm32ELm624ELm397ELm31ELm2567483615ELm11ELm4294967295ELm7ELm2636928640ELm15ELm4022730752ELm18ELm1812433253EEC2Em:
        1:  545:      mersenne_twister_engine(result_type __sd)
        1:  546:      { seed(__sd); }
------------------
_ZNSt23mersenne_twister_engineImLm32ELm624ELm397ELm31ELm2567483615ELm11ELm4294967295ELm7ELm2636928640ELm15ELm4022730752ELm18ELm1812433253EEC2Em:
        1:  545:      mersenne_twister_engine(result_type __sd)
        1:  546:      { seed(__sd); }
------------------
        -:  547:
        -:  548:      /**
        -:  549:       * @brief Constructs a %mersenne_twister_engine random number generator
        -:  550:       *        engine seeded from the seed sequence @p __q.
        -:  551:       *
        -:  552:       * @param __q the seed sequence.
        -:  553:       */
        -:  554:      template<typename _Sseq, typename = _If_seed_seq<_Sseq>>
        -:  555:        explicit
        -:  556:        mersenne_twister_engine(_Sseq& __q)
        -:  557:        { seed(__q); }
        -:  558:
        -:  559:      void
        -:  560:      seed(result_type __sd = default_seed);
        -:  561:
        -:  562:      template<typename _Sseq>
        -:  563:        _If_seed_seq<_Sseq>
        -:  564:        seed(_Sseq& __q);
        -:  565:
        -:  566:      /**
        -:  567:       * @brief Gets the smallest possible value in the output range.
        -:  568:       */
        -:  569:      static constexpr result_type
    40000:  570:      min()
    40000:  571:      { return 0; }
------------------
_ZNSt23mersenne_twister_engineImLm32ELm624ELm397ELm31ELm2567483615ELm11ELm4294967295ELm7ELm2636928640ELm15ELm4022730752ELm18ELm1812433253EE3minEv:
    20000:  570:      min()
    20000:  571:      { return 0; }
------------------
_ZNSt23mersenne_twister_engineImLm32ELm624ELm397ELm31ELm2567483615ELm11ELm4294967295ELm7ELm2636928640ELm15ELm4022730752ELm18ELm1812433253EE3minEv:
    20000:  570:      min()
    20000:  571:      { return 0; }
------------------
        -:  572:
        -:  573:      /**
        -:  574:       * @brief Gets the largest possible value in the output range.
        -:  575:       */
        -:  576:      static constexpr result_type
        -:  577:      max()
        -:  578:      { return __detail::_Shift<_UIntType, __w>::__value - 1; }
        -:  579:
        -:  580:      /**
        -:  581:       * @brief Discard a sequence of random numbers.
        -:  582:       */
        -:  583:      void
        -:  584:      discard(unsigned long long __z);
        -:  585:
        -:  586:      result_type
        -:  587:      operator()();
        -:  588:
        -:  589:      /**
        -:  590:       * @brief Compares two % mersenne_twister_engine random number generator
        -:  591:       *        objects of the same type for equality.
        -:  592:       *
        -:  593:       * @param __lhs A % mersenne_twister_engine random number generator
        -:  594:       *              object.
        -:  595:       * @param __rhs Another % mersenne_twister_engine random number
        -:  596:       *              generator object.
        -:  597:       *
        -:  598:       * @returns true if the infinite sequences of generated values
        -:  599:       *          would be equal, false otherwise.
        -:  600:       */
        -:  601:      friend bool
        -:  602:      operator==(const mersenne_twister_engine& __lhs,
        -:  603:		 const mersenne_twister_engine& __rhs)
        -:  604:      { return (std::equal(__lhs._M_x, __lhs._M_x + state_size, __rhs._M_x)
        -:  605:		&& __lhs._M_p == __rhs._M_p); }
        -:  606:
        -:  607:      /**
        -:  608:       * @brief Inserts the current state of a % mersenne_twister_engine
        -:  609:       *        random number generator engine @p __x into the output stream
        -:  610:       *        @p __os.
        -:  611:       *
        -:  612:       * @param __os An output stream.
        -:  613:       * @param __x  A % mersenne_twister_engine random number generator
        -:  614:       *             engine.
        -:  615:       *
        -:  616:       * @returns The output stream with the state of @p __x inserted or in
        -:  617:       * an error state.
        -:  618:       */
        -:  619:      template<typename _UIntType1,
        -:  620:	       size_t __w1, size_t __n1,
        -:  621:	       size_t __m1, size_t __r1,
        -:  622:	       _UIntType1 __a1, size_t __u1,
        -:  623:	       _UIntType1 __d1, size_t __s1,
        -:  624:	       _UIntType1 __b1, size_t __t1,
        -:  625:	       _UIntType1 __c1, size_t __l1, _UIntType1 __f1,
        -:  626:	       typename _CharT, typename _Traits>
        -:  627:	friend std::basic_ostream<_CharT, _Traits>&
        -:  628:	operator<<(std::basic_ostream<_CharT, _Traits>& __os,
        -:  629:		   const std::mersenne_twister_engine<_UIntType1, __w1, __n1,
        -:  630:		   __m1, __r1, __a1, __u1, __d1, __s1, __b1, __t1, __c1,
        -:  631:		   __l1, __f1>& __x);
        -:  632:
        -:  633:      /**
        -:  634:       * @brief Extracts the current state of a % mersenne_twister_engine
        -:  635:       *        random number generator engine @p __x from the input stream
        -:  636:       *        @p __is.
        -:  637:       *
        -:  638:       * @param __is An input stream.
        -:  639:       * @param __x  A % mersenne_twister_engine random number generator
        -:  640:       *             engine.
        -:  641:       *
        -:  642:       * @returns The input stream with the state of @p __x extracted or in
        -:  643:       * an error state.
        -:  644:       */
        -:  645:      template<typename _UIntType1,
        -:  646:	       size_t __w1, size_t __n1,
        -:  647:	       size_t __m1, size_t __r1,
        -:  648:	       _UIntType1 __a1, size_t __u1,
        -:  649:	       _UIntType1 __d1, size_t __s1,
        -:  650:	       _UIntType1 __b1, size_t __t1,
        -:  651:	       _UIntType1 __c1, size_t __l1, _UIntType1 __f1,
        -:  652:	       typename _CharT, typename _Traits>
        -:  653:	friend std::basic_istream<_CharT, _Traits>&
        -:  654:	operator>>(std::basic_istream<_CharT, _Traits>& __is,
        -:  655:		   std::mersenne_twister_engine<_UIntType1, __w1, __n1, __m1,
        -:  656:		   __r1, __a1, __u1, __d1, __s1, __b1, __t1, __c1,
        -:  657:		   __l1, __f1>& __x);
        -:  658:
        -:  659:    private:
        -:  660:      void _M_gen_rand();
        -:  661:
        -:  662:      _UIntType _M_x[state_size];
        -:  663:      size_t    _M_p;
        -:  664:    };
        -:  665:
        -:  666:#if __cpp_impl_three_way_comparison < 201907L
        -:  667:  /**
        -:  668:   * @brief Compares two % mersenne_twister_engine random number generator
        -:  669:   *        objects of the same type for inequality.
        -:  670:   *
        -:  671:   * @param __lhs A % mersenne_twister_engine random number generator
        -:  672:   *              object.
        -:  673:   * @param __rhs Another % mersenne_twister_engine random number
        -:  674:   *              generator object.
        -:  675:   *
        -:  676:   * @returns true if the infinite sequences of generated values
        -:  677:   *          would be different, false otherwise.
        -:  678:   */
        -:  679:  template<typename _UIntType, size_t __w,
        -:  680:	   size_t __n, size_t __m, size_t __r,
        -:  681:	   _UIntType __a, size_t __u, _UIntType __d, size_t __s,
        -:  682:	   _UIntType __b, size_t __t,
        -:  683:	   _UIntType __c, size_t __l, _UIntType __f>
        -:  684:    inline bool
        -:  685:    operator!=(const std::mersenne_twister_engine<_UIntType, __w, __n, __m,
        -:  686:	       __r, __a, __u, __d, __s, __b, __t, __c, __l, __f>& __lhs,
        -:  687:	       const std::mersenne_twister_engine<_UIntType, __w, __n, __m,
        -:  688:	       __r, __a, __u, __d, __s, __b, __t, __c, __l, __f>& __rhs)
        -:  689:    { return !(__lhs == __rhs); }
        -:  690:#endif
        -:  691:
        -:  692:  /**
        -:  693:   * @brief The Marsaglia-Zaman generator.
        -:  694:   *
        -:  695:   * This is a model of a Generalized Fibonacci discrete random number
        -:  696:   * generator, sometimes referred to as the SWC generator.
        -:  697:   *
        -:  698:   * A discrete random number generator that produces pseudorandom
        -:  699:   * numbers using:
        -:  700:   * @f[
        -:  701:   *     x_{i}\leftarrow(x_{i - s} - x_{i - r} - carry_{i-1}) \bmod m 
        -:  702:   * @f]
        -:  703:   *
        -:  704:   * The size of the state is @f$r@f$
        -:  705:   * and the maximum period of the generator is @f$(m^r - m^s - 1)@f$.
        -:  706:   *
        -:  707:   * @headerfile random
        -:  708:   * @since C++11
        -:  709:   */
        -:  710:  template<typename _UIntType, size_t __w, size_t __s, size_t __r>
        -:  711:    class subtract_with_carry_engine
        -:  712:    {
        -:  713:      static_assert(std::is_unsigned<_UIntType>::value,
        -:  714:		    "result_type must be an unsigned integral type");
        -:  715:      static_assert(0u < __s && __s < __r,
        -:  716:		    "0 < s < r");
        -:  717:      static_assert(0u < __w && __w <= std::numeric_limits<_UIntType>::digits,
        -:  718:		    "template argument substituting __w out of bounds");
        -:  719:
        -:  720:      template<typename _Sseq>
        -:  721:	using _If_seed_seq
        -:  722:	  = __detail::_If_seed_seq_for<_Sseq, subtract_with_carry_engine,
        -:  723:				       _UIntType>;
        -:  724:
        -:  725:    public:
        -:  726:      /** The type of the generated random value. */
        -:  727:      typedef _UIntType result_type;
        -:  728:
        -:  729:      // parameter values
        -:  730:      static constexpr size_t      word_size    = __w;
        -:  731:      static constexpr size_t      short_lag    = __s;
        -:  732:      static constexpr size_t      long_lag     = __r;
        -:  733:      static constexpr uint_least32_t default_seed = 19780503u;
        -:  734:
        -:  735:      subtract_with_carry_engine() : subtract_with_carry_engine(0u)
        -:  736:      { }
        -:  737:
        -:  738:      /**
        -:  739:       * @brief Constructs an explicitly seeded %subtract_with_carry_engine
        -:  740:       *        random number generator.
        -:  741:       */
        -:  742:      explicit
        -:  743:      subtract_with_carry_engine(result_type __sd)
        -:  744:      { seed(__sd); }
        -:  745:
        -:  746:      /**
        -:  747:       * @brief Constructs a %subtract_with_carry_engine random number engine
        -:  748:       *        seeded from the seed sequence @p __q.
        -:  749:       *
        -:  750:       * @param __q the seed sequence.
        -:  751:       */
        -:  752:      template<typename _Sseq, typename = _If_seed_seq<_Sseq>>
        -:  753:        explicit
        -:  754:        subtract_with_carry_engine(_Sseq& __q)
        -:  755:        { seed(__q); }
        -:  756:
        -:  757:      /**
        -:  758:       * @brief Seeds the initial state @f$x_0@f$ of the random number
        -:  759:       *        generator.
        -:  760:       *
        -:  761:       * N1688[4.19] modifies this as follows.  If @p __value == 0,
        -:  762:       * sets value to 19780503.  In any case, with a linear
        -:  763:       * congruential generator lcg(i) having parameters @f$ m_{lcg} =
        -:  764:       * 2147483563, a_{lcg} = 40014, c_{lcg} = 0, and lcg(0) = value
        -:  765:       * @f$, sets @f$ x_{-r} \dots x_{-1} @f$ to @f$ lcg(1) \bmod m
        -:  766:       * \dots lcg(r) \bmod m @f$ respectively.  If @f$ x_{-1} = 0 @f$
        -:  767:       * set carry to 1, otherwise sets carry to 0.
        -:  768:       */
        -:  769:      void
        -:  770:      seed(result_type __sd = 0u);
        -:  771:
        -:  772:      /**
        -:  773:       * @brief Seeds the initial state @f$x_0@f$ of the
        -:  774:       * % subtract_with_carry_engine random number generator.
        -:  775:       */
        -:  776:      template<typename _Sseq>
        -:  777:	_If_seed_seq<_Sseq>
        -:  778:        seed(_Sseq& __q);
        -:  779:
        -:  780:      /**
        -:  781:       * @brief Gets the inclusive minimum value of the range of random
        -:  782:       * integers returned by this generator.
        -:  783:       */
        -:  784:      static constexpr result_type
        -:  785:      min()
        -:  786:      { return 0; }
        -:  787:
        -:  788:      /**
        -:  789:       * @brief Gets the inclusive maximum value of the range of random
        -:  790:       * integers returned by this generator.
        -:  791:       */
        -:  792:      static constexpr result_type
        -:  793:      max()
        -:  794:      { return __detail::_Shift<_UIntType, __w>::__value - 1; }
        -:  795:
        -:  796:      /**
        -:  797:       * @brief Discard a sequence of random numbers.
        -:  798:       */
        -:  799:      void
        -:  800:      discard(unsigned long long __z)
        -:  801:      {
        -:  802:	for (; __z != 0ULL; --__z)
        -:  803:	  (*this)();
        -:  804:      }
        -:  805:
        -:  806:      /**
        -:  807:       * @brief Gets the next random number in the sequence.
        -:  808:       */
        -:  809:      result_type
        -:  810:      operator()();
        -:  811:
        -:  812:      /**
        -:  813:       * @brief Compares two % subtract_with_carry_engine random number
        -:  814:       *        generator objects of the same type for equality.
        -:  815:       *
        -:  816:       * @param __lhs A % subtract_with_carry_engine random number generator
        -:  817:       *              object.
        -:  818:       * @param __rhs Another % subtract_with_carry_engine random number
        -:  819:       *              generator object.
        -:  820:       *
        -:  821:       * @returns true if the infinite sequences of generated values
        -:  822:       *          would be equal, false otherwise.
        -:  823:      */
        -:  824:      friend bool
        -:  825:      operator==(const subtract_with_carry_engine& __lhs,
        -:  826:		 const subtract_with_carry_engine& __rhs)
        -:  827:      { return (std::equal(__lhs._M_x, __lhs._M_x + long_lag, __rhs._M_x)
        -:  828:		&& __lhs._M_carry == __rhs._M_carry
        -:  829:		&& __lhs._M_p == __rhs._M_p); }
        -:  830:
        -:  831:      /**
        -:  832:       * @brief Inserts the current state of a % subtract_with_carry_engine
        -:  833:       *        random number generator engine @p __x into the output stream
        -:  834:       *        @p __os.
        -:  835:       *
        -:  836:       * @param __os An output stream.
        -:  837:       * @param __x  A % subtract_with_carry_engine random number generator
        -:  838:       *             engine.
        -:  839:       *
        -:  840:       * @returns The output stream with the state of @p __x inserted or in
        -:  841:       * an error state.
        -:  842:       */
        -:  843:      template<typename _UIntType1, size_t __w1, size_t __s1, size_t __r1,
        -:  844:	       typename _CharT, typename _Traits>
        -:  845:	friend std::basic_ostream<_CharT, _Traits>&
        -:  846:	operator<<(std::basic_ostream<_CharT, _Traits>& __os,
        -:  847:		   const std::subtract_with_carry_engine<_UIntType1, __w1,
        -:  848:		   __s1, __r1>& __x);
        -:  849:
        -:  850:      /**
        -:  851:       * @brief Extracts the current state of a % subtract_with_carry_engine
        -:  852:       *        random number generator engine @p __x from the input stream
        -:  853:       *        @p __is.
        -:  854:       *
        -:  855:       * @param __is An input stream.
        -:  856:       * @param __x  A % subtract_with_carry_engine random number generator
        -:  857:       *             engine.
        -:  858:       *
        -:  859:       * @returns The input stream with the state of @p __x extracted or in
        -:  860:       * an error state.
        -:  861:       */
        -:  862:      template<typename _UIntType1, size_t __w1, size_t __s1, size_t __r1,
        -:  863:	       typename _CharT, typename _Traits>
        -:  864:	friend std::basic_istream<_CharT, _Traits>&
        -:  865:	operator>>(std::basic_istream<_CharT, _Traits>& __is,
        -:  866:		   std::subtract_with_carry_engine<_UIntType1, __w1,
        -:  867:		   __s1, __r1>& __x);
        -:  868:
        -:  869:    private:
        -:  870:      /// The state of the generator.  This is a ring buffer.
        -:  871:      _UIntType  _M_x[long_lag];
        -:  872:      _UIntType  _M_carry;		///< The carry
        -:  873:      size_t     _M_p;			///< Current index of x(i - r).
        -:  874:    };
        -:  875:
        -:  876:#if __cpp_impl_three_way_comparison < 201907L
        -:  877:  /**
        -:  878:   * @brief Compares two % subtract_with_carry_engine random number
        -:  879:   *        generator objects of the same type for inequality.
        -:  880:   *
        -:  881:   * @param __lhs A % subtract_with_carry_engine random number generator
        -:  882:   *              object.
        -:  883:   * @param __rhs Another % subtract_with_carry_engine random number
        -:  884:   *              generator object.
        -:  885:   *
        -:  886:   * @returns true if the infinite sequences of generated values
        -:  887:   *          would be different, false otherwise.
        -:  888:   */
        -:  889:  template<typename _UIntType, size_t __w, size_t __s, size_t __r>
        -:  890:    inline bool
        -:  891:    operator!=(const std::subtract_with_carry_engine<_UIntType, __w,
        -:  892:	       __s, __r>& __lhs,
        -:  893:	       const std::subtract_with_carry_engine<_UIntType, __w,
        -:  894:	       __s, __r>& __rhs)
        -:  895:    { return !(__lhs == __rhs); }
        -:  896:#endif
        -:  897:
        -:  898:  /**
        -:  899:   * Produces random numbers from some base engine by discarding blocks of
        -:  900:   * data.
        -:  901:   *
        -:  902:   * @pre @f$ 0 \leq r \leq p @f$
        -:  903:   *
        -:  904:   * @headerfile random
        -:  905:   * @since C++11
        -:  906:   */
        -:  907:  template<typename _RandomNumberEngine, size_t __p, size_t __r>
        -:  908:    class discard_block_engine
        -:  909:    {
        -:  910:      static_assert(1 <= __r && __r <= __p,
        -:  911:		    "template argument substituting __r out of bounds");
        -:  912:
        -:  913:    public:
        -:  914:      /** The type of the generated random value. */
        -:  915:      typedef typename _RandomNumberEngine::result_type result_type;
        -:  916:
        -:  917:      template<typename _Sseq>
        -:  918:	using _If_seed_seq
        -:  919:	  = __detail::_If_seed_seq_for<_Sseq, discard_block_engine,
        -:  920:				       result_type>;
        -:  921:
        -:  922:      // parameter values
        -:  923:      static constexpr size_t block_size = __p;
        -:  924:      static constexpr size_t used_block = __r;
        -:  925:
        -:  926:      /**
        -:  927:       * @brief Constructs a default %discard_block_engine engine.
        -:  928:       *
        -:  929:       * The underlying engine is default constructed as well.
        -:  930:       */
        -:  931:      discard_block_engine()
        -:  932:      : _M_b(), _M_n(0) { }
        -:  933:
        -:  934:      /**
        -:  935:       * @brief Copy constructs a %discard_block_engine engine.
        -:  936:       *
        -:  937:       * Copies an existing base class random number generator.
        -:  938:       * @param __rng An existing (base class) engine object.
        -:  939:       */
        -:  940:      explicit
        -:  941:      discard_block_engine(const _RandomNumberEngine& __rng)
        -:  942:      : _M_b(__rng), _M_n(0) { }
        -:  943:
        -:  944:      /**
        -:  945:       * @brief Move constructs a %discard_block_engine engine.
        -:  946:       *
        -:  947:       * Copies an existing base class random number generator.
        -:  948:       * @param __rng An existing (base class) engine object.
        -:  949:       */
        -:  950:      explicit
        -:  951:      discard_block_engine(_RandomNumberEngine&& __rng)
        -:  952:      : _M_b(std::move(__rng)), _M_n(0) { }
        -:  953:
        -:  954:      /**
        -:  955:       * @brief Seed constructs a %discard_block_engine engine.
        -:  956:       *
        -:  957:       * Constructs the underlying generator engine seeded with @p __s.
        -:  958:       * @param __s A seed value for the base class engine.
        -:  959:       */
        -:  960:      explicit
        -:  961:      discard_block_engine(result_type __s)
        -:  962:      : _M_b(__s), _M_n(0) { }
        -:  963:
        -:  964:      /**
        -:  965:       * @brief Generator construct a %discard_block_engine engine.
        -:  966:       *
        -:  967:       * @param __q A seed sequence.
        -:  968:       */
        -:  969:      template<typename _Sseq, typename = _If_seed_seq<_Sseq>>
        -:  970:        explicit
        -:  971:        discard_block_engine(_Sseq& __q)
        -:  972:	: _M_b(__q), _M_n(0)
        -:  973:        { }
        -:  974:
        -:  975:      /**
        -:  976:       * @brief Reseeds the %discard_block_engine object with the default
        -:  977:       *        seed for the underlying base class generator engine.
        -:  978:       */
        -:  979:      void
        -:  980:      seed()
        -:  981:      {
        -:  982:	_M_b.seed();
        -:  983:	_M_n = 0;
        -:  984:      }
        -:  985:
        -:  986:      /**
        -:  987:       * @brief Reseeds the %discard_block_engine object with the default
        -:  988:       *        seed for the underlying base class generator engine.
        -:  989:       */
        -:  990:      void
        -:  991:      seed(result_type __s)
        -:  992:      {
        -:  993:	_M_b.seed(__s);
        -:  994:	_M_n = 0;
        -:  995:      }
        -:  996:
        -:  997:      /**
        -:  998:       * @brief Reseeds the %discard_block_engine object with the given seed
        -:  999:       *        sequence.
        -: 1000:       * @param __q A seed generator function.
        -: 1001:       */
        -: 1002:      template<typename _Sseq>
        -: 1003:        _If_seed_seq<_Sseq>
        -: 1004:        seed(_Sseq& __q)
        -: 1005:        {
        -: 1006:	  _M_b.seed(__q);
        -: 1007:	  _M_n = 0;
        -: 1008:	}
        -: 1009:
        -: 1010:      /**
        -: 1011:       * @brief Gets a const reference to the underlying generator engine
        -: 1012:       *        object.
        -: 1013:       */
        -: 1014:      const _RandomNumberEngine&
        -: 1015:      base() const noexcept
        -: 1016:      { return _M_b; }
        -: 1017:
        -: 1018:      /**
        -: 1019:       * @brief Gets the minimum value in the generated random number range.
        -: 1020:       */
        -: 1021:      static constexpr result_type
        -: 1022:      min()
        -: 1023:      { return _RandomNumberEngine::min(); }
        -: 1024:
        -: 1025:      /**
        -: 1026:       * @brief Gets the maximum value in the generated random number range.
        -: 1027:       */
        -: 1028:      static constexpr result_type
        -: 1029:      max()
        -: 1030:      { return _RandomNumberEngine::max(); }
        -: 1031:
        -: 1032:      /**
        -: 1033:       * @brief Discard a sequence of random numbers.
        -: 1034:       */
        -: 1035:      void
        -: 1036:      discard(unsigned long long __z)
        -: 1037:      {
        -: 1038:	for (; __z != 0ULL; --__z)
        -: 1039:	  (*this)();
        -: 1040:      }
        -: 1041:
        -: 1042:      /**
        -: 1043:       * @brief Gets the next value in the generated random number sequence.
        -: 1044:       */
        -: 1045:      result_type
        -: 1046:      operator()();
        -: 1047:
        -: 1048:      /**
        -: 1049:       * @brief Compares two %discard_block_engine random number generator
        -: 1050:       *        objects of the same type for equality.
        -: 1051:       *
        -: 1052:       * @param __lhs A %discard_block_engine random number generator object.
        -: 1053:       * @param __rhs Another %discard_block_engine random number generator
        -: 1054:       *              object.
        -: 1055:       *
        -: 1056:       * @returns true if the infinite sequences of generated values
        -: 1057:       *          would be equal, false otherwise.
        -: 1058:       */
        -: 1059:      friend bool
        -: 1060:      operator==(const discard_block_engine& __lhs,
        -: 1061:		 const discard_block_engine& __rhs)
        -: 1062:      { return __lhs._M_b == __rhs._M_b && __lhs._M_n == __rhs._M_n; }
        -: 1063:
        -: 1064:      /**
        -: 1065:       * @brief Inserts the current state of a %discard_block_engine random
        -: 1066:       *        number generator engine @p __x into the output stream
        -: 1067:       *        @p __os.
        -: 1068:       *
        -: 1069:       * @param __os An output stream.
        -: 1070:       * @param __x  A %discard_block_engine random number generator engine.
        -: 1071:       *
        -: 1072:       * @returns The output stream with the state of @p __x inserted or in
        -: 1073:       * an error state.
        -: 1074:       */
        -: 1075:      template<typename _RandomNumberEngine1, size_t __p1, size_t __r1,
        -: 1076:	       typename _CharT, typename _Traits>
        -: 1077:	friend std::basic_ostream<_CharT, _Traits>&
        -: 1078:	operator<<(std::basic_ostream<_CharT, _Traits>& __os,
        -: 1079:		   const std::discard_block_engine<_RandomNumberEngine1,
        -: 1080:		   __p1, __r1>& __x);
        -: 1081:
        -: 1082:      /**
        -: 1083:       * @brief Extracts the current state of a % subtract_with_carry_engine
        -: 1084:       *        random number generator engine @p __x from the input stream
        -: 1085:       *        @p __is.
        -: 1086:       *
        -: 1087:       * @param __is An input stream.
        -: 1088:       * @param __x  A %discard_block_engine random number generator engine.
        -: 1089:       *
        -: 1090:       * @returns The input stream with the state of @p __x extracted or in
        -: 1091:       * an error state.
        -: 1092:       */
        -: 1093:      template<typename _RandomNumberEngine1, size_t __p1, size_t __r1,
        -: 1094:	       typename _CharT, typename _Traits>
        -: 1095:	friend std::basic_istream<_CharT, _Traits>&
        -: 1096:	operator>>(std::basic_istream<_CharT, _Traits>& __is,
        -: 1097:		   std::discard_block_engine<_RandomNumberEngine1,
        -: 1098:		   __p1, __r1>& __x);
        -: 1099:
        -: 1100:    private:
        -: 1101:      _RandomNumberEngine _M_b;
        -: 1102:      size_t _M_n;
        -: 1103:    };
        -: 1104:
        -: 1105:#if __cpp_impl_three_way_comparison < 201907L
        -: 1106:  /**
        -: 1107:   * @brief Compares two %discard_block_engine random number generator
        -: 1108:   *        objects of the same type for inequality.
        -: 1109:   *
        -: 1110:   * @param __lhs A %discard_block_engine random number generator object.
        -: 1111:   * @param __rhs Another %discard_block_engine random number generator
        -: 1112:   *              object.
        -: 1113:   *
        -: 1114:   * @returns true if the infinite sequences of generated values
        -: 1115:   *          would be different, false otherwise.
        -: 1116:   */
        -: 1117:  template<typename _RandomNumberEngine, size_t __p, size_t __r>
        -: 1118:    inline bool
        -: 1119:    operator!=(const std::discard_block_engine<_RandomNumberEngine, __p,
        -: 1120:	       __r>& __lhs,
        -: 1121:	       const std::discard_block_engine<_RandomNumberEngine, __p,
        -: 1122:	       __r>& __rhs)
        -: 1123:    { return !(__lhs == __rhs); }
        -: 1124:#endif
        -: 1125:
        -: 1126:  /**
        -: 1127:   * Produces random numbers by combining random numbers from some base
        -: 1128:   * engine to produce random numbers with a specified number of bits @p __w.
        -: 1129:   *
        -: 1130:   * @headerfile random
        -: 1131:   * @since C++11
        -: 1132:   */
        -: 1133:  template<typename _RandomNumberEngine, size_t __w, typename _UIntType>
        -: 1134:    class independent_bits_engine
        -: 1135:    {
        -: 1136:      static_assert(std::is_unsigned<_UIntType>::value,
        -: 1137:		    "result_type must be an unsigned integral type");
        -: 1138:      static_assert(0u < __w && __w <= std::numeric_limits<_UIntType>::digits,
        -: 1139:		    "template argument substituting __w out of bounds");
        -: 1140:
        -: 1141:      template<typename _Sseq>
        -: 1142:	using _If_seed_seq
        -: 1143:	  = __detail::_If_seed_seq_for<_Sseq, independent_bits_engine,
        -: 1144:				       _UIntType>;
        -: 1145:
        -: 1146:    public:
        -: 1147:      /** The type of the generated random value. */
        -: 1148:      typedef _UIntType result_type;
        -: 1149:
        -: 1150:      /**
        -: 1151:       * @brief Constructs a default %independent_bits_engine engine.
        -: 1152:       *
        -: 1153:       * The underlying engine is default constructed as well.
        -: 1154:       */
        -: 1155:      independent_bits_engine()
        -: 1156:      : _M_b() { }
        -: 1157:
        -: 1158:      /**
        -: 1159:       * @brief Copy constructs a %independent_bits_engine engine.
        -: 1160:       *
        -: 1161:       * Copies an existing base class random number generator.
        -: 1162:       * @param __rng An existing (base class) engine object.
        -: 1163:       */
        -: 1164:      explicit
        -: 1165:      independent_bits_engine(const _RandomNumberEngine& __rng)
        -: 1166:      : _M_b(__rng) { }
        -: 1167:
        -: 1168:      /**
        -: 1169:       * @brief Move constructs a %independent_bits_engine engine.
        -: 1170:       *
        -: 1171:       * Copies an existing base class random number generator.
        -: 1172:       * @param __rng An existing (base class) engine object.
        -: 1173:       */
        -: 1174:      explicit
        -: 1175:      independent_bits_engine(_RandomNumberEngine&& __rng)
        -: 1176:      : _M_b(std::move(__rng)) { }
        -: 1177:
        -: 1178:      /**
        -: 1179:       * @brief Seed constructs a %independent_bits_engine engine.
        -: 1180:       *
        -: 1181:       * Constructs the underlying generator engine seeded with @p __s.
        -: 1182:       * @param __s A seed value for the base class engine.
        -: 1183:       */
        -: 1184:      explicit
        -: 1185:      independent_bits_engine(result_type __s)
        -: 1186:      : _M_b(__s) { }
        -: 1187:
        -: 1188:      /**
        -: 1189:       * @brief Generator construct a %independent_bits_engine engine.
        -: 1190:       *
        -: 1191:       * @param __q A seed sequence.
        -: 1192:       */
        -: 1193:      template<typename _Sseq, typename = _If_seed_seq<_Sseq>>
        -: 1194:        explicit
        -: 1195:        independent_bits_engine(_Sseq& __q)
        -: 1196:        : _M_b(__q)
        -: 1197:        { }
        -: 1198:
        -: 1199:      /**
        -: 1200:       * @brief Reseeds the %independent_bits_engine object with the default
        -: 1201:       *        seed for the underlying base class generator engine.
        -: 1202:       */
        -: 1203:      void
        -: 1204:      seed()
        -: 1205:      { _M_b.seed(); }
        -: 1206:
        -: 1207:      /**
        -: 1208:       * @brief Reseeds the %independent_bits_engine object with the default
        -: 1209:       *        seed for the underlying base class generator engine.
        -: 1210:       */
        -: 1211:      void
        -: 1212:      seed(result_type __s)
        -: 1213:      { _M_b.seed(__s); }
        -: 1214:
        -: 1215:      /**
        -: 1216:       * @brief Reseeds the %independent_bits_engine object with the given
        -: 1217:       *        seed sequence.
        -: 1218:       * @param __q A seed generator function.
        -: 1219:       */
        -: 1220:      template<typename _Sseq>
        -: 1221:        _If_seed_seq<_Sseq>
        -: 1222:        seed(_Sseq& __q)
        -: 1223:        { _M_b.seed(__q); }
        -: 1224:
        -: 1225:      /**
        -: 1226:       * @brief Gets a const reference to the underlying generator engine
        -: 1227:       *        object.
        -: 1228:       */
        -: 1229:      const _RandomNumberEngine&
        -: 1230:      base() const noexcept
        -: 1231:      { return _M_b; }
        -: 1232:
        -: 1233:      /**
        -: 1234:       * @brief Gets the minimum value in the generated random number range.
        -: 1235:       */
        -: 1236:      static constexpr result_type
        -: 1237:      min()
        -: 1238:      { return 0U; }
        -: 1239:
        -: 1240:      /**
        -: 1241:       * @brief Gets the maximum value in the generated random number range.
        -: 1242:       */
        -: 1243:      static constexpr result_type
        -: 1244:      max()
        -: 1245:      { return __detail::_Shift<_UIntType, __w>::__value - 1; }
        -: 1246:
        -: 1247:      /**
        -: 1248:       * @brief Discard a sequence of random numbers.
        -: 1249:       */
        -: 1250:      void
        -: 1251:      discard(unsigned long long __z)
        -: 1252:      {
        -: 1253:	for (; __z != 0ULL; --__z)
        -: 1254:	  (*this)();
        -: 1255:      }
        -: 1256:
        -: 1257:      /**
        -: 1258:       * @brief Gets the next value in the generated random number sequence.
        -: 1259:       */
        -: 1260:      result_type
        -: 1261:      operator()();
        -: 1262:
        -: 1263:      /**
        -: 1264:       * @brief Compares two %independent_bits_engine random number generator
        -: 1265:       * objects of the same type for equality.
        -: 1266:       *
        -: 1267:       * @param __lhs A %independent_bits_engine random number generator
        -: 1268:       *              object.
        -: 1269:       * @param __rhs Another %independent_bits_engine random number generator
        -: 1270:       *              object.
        -: 1271:       *
        -: 1272:       * @returns true if the infinite sequences of generated values
        -: 1273:       *          would be equal, false otherwise.
        -: 1274:       */
        -: 1275:      friend bool
        -: 1276:      operator==(const independent_bits_engine& __lhs,
        -: 1277:		 const independent_bits_engine& __rhs)
        -: 1278:      { return __lhs._M_b == __rhs._M_b; }
        -: 1279:
        -: 1280:      /**
        -: 1281:       * @brief Extracts the current state of a % subtract_with_carry_engine
        -: 1282:       *        random number generator engine @p __x from the input stream
        -: 1283:       *        @p __is.
        -: 1284:       *
        -: 1285:       * @param __is An input stream.
        -: 1286:       * @param __x  A %independent_bits_engine random number generator
        -: 1287:       *             engine.
        -: 1288:       *
        -: 1289:       * @returns The input stream with the state of @p __x extracted or in
        -: 1290:       *          an error state.
        -: 1291:       */
        -: 1292:      template<typename _CharT, typename _Traits>
        -: 1293:	friend std::basic_istream<_CharT, _Traits>&
        -: 1294:	operator>>(std::basic_istream<_CharT, _Traits>& __is,
        -: 1295:		   std::independent_bits_engine<_RandomNumberEngine,
        -: 1296:		   __w, _UIntType>& __x)
        -: 1297:	{
        -: 1298:	  __is >> __x._M_b;
        -: 1299:	  return __is;
        -: 1300:	}
        -: 1301:
        -: 1302:    private:
        -: 1303:      _RandomNumberEngine _M_b;
        -: 1304:    };
        -: 1305:
        -: 1306:#if __cpp_impl_three_way_comparison < 201907L
        -: 1307:  /**
        -: 1308:   * @brief Compares two %independent_bits_engine random number generator
        -: 1309:   * objects of the same type for inequality.
        -: 1310:   *
        -: 1311:   * @param __lhs A %independent_bits_engine random number generator
        -: 1312:   *              object.
        -: 1313:   * @param __rhs Another %independent_bits_engine random number generator
        -: 1314:   *              object.
        -: 1315:   *
        -: 1316:   * @returns true if the infinite sequences of generated values
        -: 1317:   *          would be different, false otherwise.
        -: 1318:   */
        -: 1319:  template<typename _RandomNumberEngine, size_t __w, typename _UIntType>
        -: 1320:    inline bool
        -: 1321:    operator!=(const std::independent_bits_engine<_RandomNumberEngine, __w,
        -: 1322:	       _UIntType>& __lhs,
        -: 1323:	       const std::independent_bits_engine<_RandomNumberEngine, __w,
        -: 1324:	       _UIntType>& __rhs)
        -: 1325:    { return !(__lhs == __rhs); }
        -: 1326:#endif
        -: 1327:
        -: 1328:  /**
        -: 1329:   * @brief Inserts the current state of a %independent_bits_engine random
        -: 1330:   *        number generator engine @p __x into the output stream @p __os.
        -: 1331:   *
        -: 1332:   * @param __os An output stream.
        -: 1333:   * @param __x  A %independent_bits_engine random number generator engine.
        -: 1334:   *
        -: 1335:   * @returns The output stream with the state of @p __x inserted or in
        -: 1336:   *          an error state.
        -: 1337:   */
        -: 1338:  template<typename _RandomNumberEngine, size_t __w, typename _UIntType,
        -: 1339:	   typename _CharT, typename _Traits>
        -: 1340:    std::basic_ostream<_CharT, _Traits>&
        -: 1341:    operator<<(std::basic_ostream<_CharT, _Traits>& __os,
        -: 1342:	       const std::independent_bits_engine<_RandomNumberEngine,
        -: 1343:	       __w, _UIntType>& __x)
        -: 1344:    {
        -: 1345:      __os << __x.base();
        -: 1346:      return __os;
        -: 1347:    }
        -: 1348:
        -: 1349:
        -: 1350:  /**
        -: 1351:   * @brief Produces random numbers by reordering random numbers from some
        -: 1352:   * base engine.
        -: 1353:   *
        -: 1354:   * The values from the base engine are stored in a sequence of size @p __k
        -: 1355:   * and shuffled by an algorithm that depends on those values.
        -: 1356:   *
        -: 1357:   * @headerfile random
        -: 1358:   * @since C++11
        -: 1359:   */
        -: 1360:  template<typename _RandomNumberEngine, size_t __k>
        -: 1361:    class shuffle_order_engine
        -: 1362:    {
        -: 1363:      static_assert(1u <= __k, "template argument substituting "
        -: 1364:		    "__k out of bound");
        -: 1365:
        -: 1366:    public:
        -: 1367:      /** The type of the generated random value. */
        -: 1368:      typedef typename _RandomNumberEngine::result_type result_type;
        -: 1369:
        -: 1370:      template<typename _Sseq>
        -: 1371:	using _If_seed_seq
        -: 1372:	  = __detail::_If_seed_seq_for<_Sseq, shuffle_order_engine,
        -: 1373:				       result_type>;
        -: 1374:
        -: 1375:      static constexpr size_t table_size = __k;
        -: 1376:
        -: 1377:      /**
        -: 1378:       * @brief Constructs a default %shuffle_order_engine engine.
        -: 1379:       *
        -: 1380:       * The underlying engine is default constructed as well.
        -: 1381:       */
        -: 1382:      shuffle_order_engine()
        -: 1383:      : _M_b()
        -: 1384:      { _M_initialize(); }
        -: 1385:
        -: 1386:      /**
        -: 1387:       * @brief Copy constructs a %shuffle_order_engine engine.
        -: 1388:       *
        -: 1389:       * Copies an existing base class random number generator.
        -: 1390:       * @param __rng An existing (base class) engine object.
        -: 1391:       */
        -: 1392:      explicit
        -: 1393:      shuffle_order_engine(const _RandomNumberEngine& __rng)
        -: 1394:      : _M_b(__rng)
        -: 1395:      { _M_initialize(); }
        -: 1396:
        -: 1397:      /**
        -: 1398:       * @brief Move constructs a %shuffle_order_engine engine.
        -: 1399:       *
        -: 1400:       * Copies an existing base class random number generator.
        -: 1401:       * @param __rng An existing (base class) engine object.
        -: 1402:       */
        -: 1403:      explicit
        -: 1404:      shuffle_order_engine(_RandomNumberEngine&& __rng)
        -: 1405:      : _M_b(std::move(__rng))
        -: 1406:      { _M_initialize(); }
        -: 1407:
        -: 1408:      /**
        -: 1409:       * @brief Seed constructs a %shuffle_order_engine engine.
        -: 1410:       *
        -: 1411:       * Constructs the underlying generator engine seeded with @p __s.
        -: 1412:       * @param __s A seed value for the base class engine.
        -: 1413:       */
        -: 1414:      explicit
        -: 1415:      shuffle_order_engine(result_type __s)
        -: 1416:      : _M_b(__s)
        -: 1417:      { _M_initialize(); }
        -: 1418:
        -: 1419:      /**
        -: 1420:       * @brief Generator construct a %shuffle_order_engine engine.
        -: 1421:       *
        -: 1422:       * @param __q A seed sequence.
        -: 1423:       */
        -: 1424:      template<typename _Sseq, typename = _If_seed_seq<_Sseq>>
        -: 1425:        explicit
        -: 1426:        shuffle_order_engine(_Sseq& __q)
        -: 1427:        : _M_b(__q)
        -: 1428:        { _M_initialize(); }
        -: 1429:
        -: 1430:      /**
        -: 1431:       * @brief Reseeds the %shuffle_order_engine object with the default seed
        -: 1432:                for the underlying base class generator engine.
        -: 1433:       */
        -: 1434:      void
        -: 1435:      seed()
        -: 1436:      {
        -: 1437:	_M_b.seed();
        -: 1438:	_M_initialize();
        -: 1439:      }
        -: 1440:
        -: 1441:      /**
        -: 1442:       * @brief Reseeds the %shuffle_order_engine object with the default seed
        -: 1443:       *        for the underlying base class generator engine.
        -: 1444:       */
        -: 1445:      void
        -: 1446:      seed(result_type __s)
        -: 1447:      {
        -: 1448:	_M_b.seed(__s);
        -: 1449:	_M_initialize();
        -: 1450:      }
        -: 1451:
        -: 1452:      /**
        -: 1453:       * @brief Reseeds the %shuffle_order_engine object with the given seed
        -: 1454:       *        sequence.
        -: 1455:       * @param __q A seed generator function.
        -: 1456:       */
        -: 1457:      template<typename _Sseq>
        -: 1458:        _If_seed_seq<_Sseq>
        -: 1459:        seed(_Sseq& __q)
        -: 1460:        {
        -: 1461:	  _M_b.seed(__q);
        -: 1462:	  _M_initialize();
        -: 1463:	}
        -: 1464:
        -: 1465:      /**
        -: 1466:       * Gets a const reference to the underlying generator engine object.
        -: 1467:       */
        -: 1468:      const _RandomNumberEngine&
        -: 1469:      base() const noexcept
        -: 1470:      { return _M_b; }
        -: 1471:
        -: 1472:      /**
        -: 1473:       * Gets the minimum value in the generated random number range.
        -: 1474:       */
        -: 1475:      static constexpr result_type
        -: 1476:      min()
        -: 1477:      { return _RandomNumberEngine::min(); }
        -: 1478:
        -: 1479:      /**
        -: 1480:       * Gets the maximum value in the generated random number range.
        -: 1481:       */
        -: 1482:      static constexpr result_type
        -: 1483:      max()
        -: 1484:      { return _RandomNumberEngine::max(); }
        -: 1485:
        -: 1486:      /**
        -: 1487:       * Discard a sequence of random numbers.
        -: 1488:       */
        -: 1489:      void
        -: 1490:      discard(unsigned long long __z)
        -: 1491:      {
        -: 1492:	for (; __z != 0ULL; --__z)
        -: 1493:	  (*this)();
        -: 1494:      }
        -: 1495:
        -: 1496:      /**
        -: 1497:       * Gets the next value in the generated random number sequence.
        -: 1498:       */
        -: 1499:      result_type
        -: 1500:      operator()();
        -: 1501:
        -: 1502:      /**
        -: 1503:       * Compares two %shuffle_order_engine random number generator objects
        -: 1504:       * of the same type for equality.
        -: 1505:       *
        -: 1506:       * @param __lhs A %shuffle_order_engine random number generator object.
        -: 1507:       * @param __rhs Another %shuffle_order_engine random number generator
        -: 1508:       *              object.
        -: 1509:       *
        -: 1510:       * @returns true if the infinite sequences of generated values
        -: 1511:       *          would be equal, false otherwise.
        -: 1512:      */
        -: 1513:      friend bool
        -: 1514:      operator==(const shuffle_order_engine& __lhs,
        -: 1515:		 const shuffle_order_engine& __rhs)
        -: 1516:      { return (__lhs._M_b == __rhs._M_b
        -: 1517:		&& std::equal(__lhs._M_v, __lhs._M_v + __k, __rhs._M_v)
        -: 1518:		&& __lhs._M_y == __rhs._M_y); }
        -: 1519:
        -: 1520:      /**
        -: 1521:       * @brief Inserts the current state of a %shuffle_order_engine random
        -: 1522:       *        number generator engine @p __x into the output stream
        -: 1523:	@p __os.
        -: 1524:       *
        -: 1525:       * @param __os An output stream.
        -: 1526:       * @param __x  A %shuffle_order_engine random number generator engine.
        -: 1527:       *
        -: 1528:       * @returns The output stream with the state of @p __x inserted or in
        -: 1529:       * an error state.
        -: 1530:       */
[...]
        -: 5858:      }
        -: 5859:
        -: 5860:      /**
        -: 5861:       * @brief Generating functions.
        -: 5862:       */
        -: 5863:      template<typename _UniformRandomNumberGenerator>
        -: 5864:	result_type
        -: 5865:	operator()(_UniformRandomNumberGenerator& __urng)
        -: 5866:	{ return this->operator()(__urng, _M_param); }
        -: 5867:
        -: 5868:      template<typename _UniformRandomNumberGenerator>
        -: 5869:	result_type
        -: 5870:	operator()(_UniformRandomNumberGenerator& __urng,
        -: 5871:		   const param_type& __p);
        -: 5872:
        -: 5873:      template<typename _ForwardIterator,
        -: 5874:	       typename _UniformRandomNumberGenerator>
        -: 5875:	void
        -: 5876:	__generate(_ForwardIterator __f, _ForwardIterator __t,
        -: 5877:		   _UniformRandomNumberGenerator& __urng)
        -: 5878:	{ this->__generate(__f, __t, __urng, _M_param); }
        -: 5879:
        -: 5880:      template<typename _ForwardIterator,
        -: 5881:	       typename _UniformRandomNumberGenerator>
        -: 5882:	void
        -: 5883:	__generate(_ForwardIterator __f, _ForwardIterator __t,
        -: 5884:		   _UniformRandomNumberGenerator& __urng,
        -: 5885:		   const param_type& __p)
        -: 5886:	{ this->__generate_impl(__f, __t, __urng, __p); }
        -: 5887:
        -: 5888:      template<typename _UniformRandomNumberGenerator>
        -: 5889:	void
        -: 5890:	__generate(result_type* __f, result_type* __t,
        -: 5891:		   _UniformRandomNumberGenerator& __urng,
        -: 5892:		   const param_type& __p)
        -: 5893:	{ this->__generate_impl(__f, __t, __urng, __p); }
        -: 5894:
        -: 5895:      /**
        -: 5896:       * @brief Return true if two piecewise constant distributions have the
        -: 5897:       *        same parameters.
        -: 5898:       */
        -: 5899:      friend bool
        -: 5900:      operator==(const piecewise_constant_distribution& __d1,
        -: 5901:		 const piecewise_constant_distribution& __d2)
        -: 5902:      { return __d1._M_param == __d2._M_param; }
        -: 5903:
        -: 5904:      /**
        -: 5905:       * @brief Inserts a %piecewise_constant_distribution random
        -: 5906:       *        number distribution @p __x into the output stream @p __os.
        -: 5907:       *
        -: 5908:       * @param __os An output stream.
        -: 5909:       * @param __x  A %piecewise_constant_distribution random number
        -: 5910:       *             distribution.
        -: 5911:       *
        -: 5912:       * @returns The output stream with the state of @p __x inserted or in
        -: 5913:       * an error state.
        -: 5914:       */
        -: 5915:      template<typename _RealType1, typename _CharT, typename _Traits>
        -: 5916:	friend std::basic_ostream<_CharT, _Traits>&
        -: 5917:	operator<<(std::basic_ostream<_CharT, _Traits>& __os,
        -: 5918:		   const std::piecewise_constant_distribution<_RealType1>& __x);
        -: 5919:
        -: 5920:      /**
        -: 5921:       * @brief Extracts a %piecewise_constant_distribution random
        -: 5922:       *        number distribution @p __x from the input stream @p __is.
        -: 5923:       *
        -: 5924:       * @param __is An input stream.
        -: 5925:       * @param __x A %piecewise_constant_distribution random number
        -: 5926:       *            generator engine.
        -: 5927:       *
        -: 5928:       * @returns The input stream with @p __x extracted or in an error
        -: 5929:       *          state.
        -: 5930:       */
        -: 5931:      template<typename _RealType1, typename _CharT, typename _Traits>
        -: 5932:	friend std::basic_istream<_CharT, _Traits>&
        -: 5933:	operator>>(std::basic_istream<_CharT, _Traits>& __is,
        -: 5934:		   std::piecewise_constant_distribution<_RealType1>& __x);
        -: 5935:
        -: 5936:    private:
        -: 5937:      template<typename _ForwardIterator,
        -: 5938:	       typename _UniformRandomNumberGenerator>
        -: 5939:	void
        -: 5940:	__generate_impl(_ForwardIterator __f, _ForwardIterator __t,
        -: 5941:			_UniformRandomNumberGenerator& __urng,
        -: 5942:			const param_type& __p);
        -: 5943:
        -: 5944:      param_type _M_param;
        -: 5945:    };
        -: 5946:
        -: 5947:#if __cpp_impl_three_way_comparison < 201907L
        -: 5948:  /**
        -: 5949:    * @brief Return true if two piecewise constant distributions have 
        -: 5950:    *        different parameters.
        -: 5951:   */
        -: 5952:  template<typename _RealType>
        -: 5953:    inline bool
        -: 5954:    operator!=(const std::piecewise_constant_distribution<_RealType>& __d1,
        -: 5955:	       const std::piecewise_constant_distribution<_RealType>& __d2)
        -: 5956:    { return !(__d1 == __d2); }
        -: 5957:#endif
        -: 5958:
        -: 5959:  /**
        -: 5960:   * @brief A piecewise_linear_distribution random number distribution.
        -: 5961:   *
        -: 5962:   * This distribution produces random numbers @f$ x, b_0 \leq x < b_n @f$,
        -: 5963:   * distributed over each subinterval @f$ [b_i, b_{i+1}) @f$
        -: 5964:   * according to the probability mass function
        -: 5965:   * @f$ p(x | b_0, ..., b_n, \rho_0, ..., \rho_n) = \rho_i @f$,
        -: 5966:   * for @f$ b_i \leq x < b_{i+1} @f$.
        -: 5967:   *
        -: 5968:   * @headerfile random
        -: 5969:   * @since C++11
        -: 5970:   */
        -: 5971:  template<typename _RealType = double>
        -: 5972:    class piecewise_linear_distribution
        -: 5973:    {
        -: 5974:      static_assert(std::is_floating_point<_RealType>::value,
        -: 5975:		    "result_type must be a floating point type");
        -: 5976:
        -: 5977:    public:
        -: 5978:      /** The type of the range of the distribution. */
        -: 5979:      typedef _RealType result_type;
        -: 5980:
        -: 5981:      /** Parameter type. */
        -: 5982:      struct param_type
        -: 5983:      {
        -: 5984:	typedef piecewise_linear_distribution<_RealType> distribution_type;
        -: 5985:	friend class piecewise_linear_distribution<_RealType>;
        -: 5986:
        -: 5987:	param_type()
        -: 5988:	: _M_int(), _M_den(), _M_cp(), _M_m()
        -: 5989:	{ }
        -: 5990:
        -: 5991:	template<typename _InputIteratorB, typename _InputIteratorW>
        -: 5992:	  param_type(_InputIteratorB __bfirst,
        -: 5993:		     _InputIteratorB __bend,
        -: 5994:		     _InputIteratorW __wbegin);
        -: 5995:
        -: 5996:	template<typename _Func>
        -: 5997:	  param_type(initializer_list<_RealType> __bl, _Func __fw);
        -: 5998:
        -: 5999:	template<typename _Func>
        -: 6000:	  param_type(size_t __nw, _RealType __xmin, _RealType __xmax,
        -: 6001:		     _Func __fw);
        -: 6002:
        -: 6003:	// See: http://cpp-next.com/archive/2010/10/implicit-move-must-go/
        -: 6004:	param_type(const param_type&) = default;
        -: 6005:	param_type& operator=(const param_type&) = default;
        -: 6006:
        -: 6007:	std::vector<_RealType>
        -: 6008:	intervals() const
        -: 6009:	{
        -: 6010:	  if (_M_int.empty())
        -: 6011:	    {
        -: 6012:	      std::vector<_RealType> __tmp(2);
        -: 6013:	      __tmp[1] = _RealType(1);
        -: 6014:	      return __tmp;
        -: 6015:	    }
        -: 6016:	  else
        -: 6017:	    return _M_int;
        -: 6018:	}
        -: 6019:
        -: 6020:	std::vector<double>
        -: 6021:	densities() const
        -: 6022:	{ return _M_den.empty() ? std::vector<double>(2, 1.0) : _M_den; }
        -: 6023:
        -: 6024:	friend bool
        -: 6025:	operator==(const param_type& __p1, const param_type& __p2)
        -: 6026:	{ return __p1._M_int == __p2._M_int && __p1._M_den == __p2._M_den; }
        -: 6027:
        -: 6028:#if __cpp_impl_three_way_comparison < 201907L
        -: 6029:	friend bool
        -: 6030:	operator!=(const param_type& __p1, const param_type& __p2)
        -: 6031:	{ return !(__p1 == __p2); }
        -: 6032:#endif
        -: 6033:
        -: 6034:      private:
        -: 6035:	void
        -: 6036:	_M_initialize();
        -: 6037:
        -: 6038:	std::vector<_RealType> _M_int;
        -: 6039:	std::vector<double> _M_den;
        -: 6040:	std::vector<double> _M_cp;
        -: 6041:	std::vector<double> _M_m;
        -: 6042:      };
        -: 6043:
        -: 6044:      piecewise_linear_distribution()
        -: 6045:      : _M_param()
        -: 6046:      { }
        -: 6047:
        -: 6048:      template<typename _InputIteratorB, typename _InputIteratorW>
        -: 6049:	piecewise_linear_distribution(_InputIteratorB __bfirst,
        -: 6050:				      _InputIteratorB __bend,
        -: 6051:				      _InputIteratorW __wbegin)
        -: 6052:	: _M_param(__bfirst, __bend, __wbegin)
        -: 6053:	{ }
        -: 6054:
        -: 6055:      template<typename _Func>
        -: 6056:	piecewise_linear_distribution(initializer_list<_RealType> __bl,
        -: 6057:				      _Func __fw)
        -: 6058:	: _M_param(__bl, __fw)
        -: 6059:	{ }
        -: 6060:
        -: 6061:      template<typename _Func>
        -: 6062:	piecewise_linear_distribution(size_t __nw,
        -: 6063:				      _RealType __xmin, _RealType __xmax,
        -: 6064:				      _Func __fw)
        -: 6065:	: _M_param(__nw, __xmin, __xmax, __fw)
        -: 6066:	{ }
        -: 6067:
        -: 6068:      explicit
        -: 6069:      piecewise_linear_distribution(const param_type& __p)
        -: 6070:      : _M_param(__p)
        -: 6071:      { }
        -: 6072:
        -: 6073:      /**
        -: 6074:       * Resets the distribution state.
        -: 6075:       */
        -: 6076:      void
        -: 6077:      reset()
        -: 6078:      { }
        -: 6079:
        -: 6080:      /**
        -: 6081:       * @brief Return the intervals of the distribution.
        -: 6082:       */
        -: 6083:      std::vector<_RealType>
        -: 6084:      intervals() const
        -: 6085:      {
        -: 6086:	if (_M_param._M_int.empty())
        -: 6087:	  {
        -: 6088:	    std::vector<_RealType> __tmp(2);
        -: 6089:	    __tmp[1] = _RealType(1);
        -: 6090:	    return __tmp;
        -: 6091:	  }
        -: 6092:	else
        -: 6093:	  return _M_param._M_int;
        -: 6094:      }
        -: 6095:
        -: 6096:      /**
        -: 6097:       * @brief Return a vector of the probability densities of the
        -: 6098:       *        distribution.
        -: 6099:       */
        -: 6100:      std::vector<double>
        -: 6101:      densities() const
        -: 6102:      {
        -: 6103:	return _M_param._M_den.empty()
        -: 6104:	  ? std::vector<double>(2, 1.0) : _M_param._M_den;
        -: 6105:      }
        -: 6106:
        -: 6107:      /**
        -: 6108:       * @brief Returns the parameter set of the distribution.
        -: 6109:       */
        -: 6110:      param_type
        -: 6111:      param() const
        -: 6112:      { return _M_param; }
        -: 6113:
        -: 6114:      /**
        -: 6115:       * @brief Sets the parameter set of the distribution.
        -: 6116:       * @param __param The new parameter set of the distribution.
        -: 6117:       */
        -: 6118:      void
        -: 6119:      param(const param_type& __param)
        -: 6120:      { _M_param = __param; }
        -: 6121:
        -: 6122:      /**
        -: 6123:       * @brief Returns the greatest lower bound value of the distribution.
        -: 6124:       */
        -: 6125:      result_type
        -: 6126:      min() const
        -: 6127:      {
        -: 6128:	return _M_param._M_int.empty()
        -: 6129:	  ? result_type(0) : _M_param._M_int.front();
        -: 6130:      }
        -: 6131:
        -: 6132:      /**
        -: 6133:       * @brief Returns the least upper bound value of the distribution.
        -: 6134:       */
        -: 6135:      result_type
        -: 6136:      max() const
        -: 6137:      {
        -: 6138:	return _M_param._M_int.empty()
        -: 6139:	  ? result_type(1) : _M_param._M_int.back();
        -: 6140:      }
        -: 6141:
        -: 6142:      /**
        -: 6143:       * @brief Generating functions.
        -: 6144:       */
        -: 6145:      template<typename _UniformRandomNumberGenerator>
        -: 6146:	result_type
        -: 6147:	operator()(_UniformRandomNumberGenerator& __urng)
        -: 6148:	{ return this->operator()(__urng, _M_param); }
        -: 6149:
        -: 6150:      template<typename _UniformRandomNumberGenerator>
        -: 6151:	result_type
        -: 6152:	operator()(_UniformRandomNumberGenerator& __urng,
        -: 6153:		   const param_type& __p);
        -: 6154:
        -: 6155:      template<typename _ForwardIterator,
        -: 6156:	       typename _UniformRandomNumberGenerator>
        -: 6157:	void
        -: 6158:	__generate(_ForwardIterator __f, _ForwardIterator __t,
        -: 6159:		   _UniformRandomNumberGenerator& __urng)
        -: 6160:	{ this->__generate(__f, __t, __urng, _M_param); }
        -: 6161:
        -: 6162:      template<typename _ForwardIterator,
        -: 6163:	       typename _UniformRandomNumberGenerator>
        -: 6164:	void
        -: 6165:	__generate(_ForwardIterator __f, _ForwardIterator __t,
        -: 6166:		   _UniformRandomNumberGenerator& __urng,
        -: 6167:		   const param_type& __p)
        -: 6168:	{ this->__generate_impl(__f, __t, __urng, __p); }
        -: 6169:
        -: 6170:      template<typename _UniformRandomNumberGenerator>
        -: 6171:	void
        -: 6172:	__generate(result_type* __f, result_type* __t,
        -: 6173:		   _UniformRandomNumberGenerator& __urng,
        -: 6174:		   const param_type& __p)
        -: 6175:	{ this->__generate_impl(__f, __t, __urng, __p); }
        -: 6176:
        -: 6177:      /**
        -: 6178:       * @brief Return true if two piecewise linear distributions have the
        -: 6179:       *        same parameters.
        -: 6180:       */
        -: 6181:      friend bool
        -: 6182:      operator==(const piecewise_linear_distribution& __d1,
        -: 6183:		 const piecewise_linear_distribution& __d2)
        -: 6184:      { return __d1._M_param == __d2._M_param; }
        -: 6185:
        -: 6186:      /**
        -: 6187:       * @brief Inserts a %piecewise_linear_distribution random number
        -: 6188:       *        distribution @p __x into the output stream @p __os.
        -: 6189:       *
        -: 6190:       * @param __os An output stream.
        -: 6191:       * @param __x  A %piecewise_linear_distribution random number
        -: 6192:       *             distribution.
        -: 6193:       *
        -: 6194:       * @returns The output stream with the state of @p __x inserted or in
        -: 6195:       *          an error state.
        -: 6196:       */
        -: 6197:      template<typename _RealType1, typename _CharT, typename _Traits>
        -: 6198:	friend std::basic_ostream<_CharT, _Traits>&
        -: 6199:	operator<<(std::basic_ostream<_CharT, _Traits>& __os,
        -: 6200:		   const std::piecewise_linear_distribution<_RealType1>& __x);
        -: 6201:
        -: 6202:      /**
        -: 6203:       * @brief Extracts a %piecewise_linear_distribution random number
        -: 6204:       *        distribution @p __x from the input stream @p __is.
        -: 6205:       *
        -: 6206:       * @param __is An input stream.
        -: 6207:       * @param __x  A %piecewise_linear_distribution random number
        -: 6208:       *             generator engine.
        -: 6209:       *
        -: 6210:       * @returns The input stream with @p __x extracted or in an error
        -: 6211:       *          state.
        -: 6212:       */
        -: 6213:      template<typename _RealType1, typename _CharT, typename _Traits>
        -: 6214:	friend std::basic_istream<_CharT, _Traits>&
        -: 6215:	operator>>(std::basic_istream<_CharT, _Traits>& __is,
        -: 6216:		   std::piecewise_linear_distribution<_RealType1>& __x);
        -: 6217:
        -: 6218:    private:
        -: 6219:      template<typename _ForwardIterator,
        -: 6220:	       typename _UniformRandomNumberGenerator>
        -: 6221:	void
        -: 6222:	__generate_impl(_ForwardIterator __f, _ForwardIterator __t,
        -: 6223:			_UniformRandomNumberGenerator& __urng,
        -: 6224:			const param_type& __p);
        -: 6225:
        -: 6226:      param_type _M_param;
        -: 6227:    };
        -: 6228:
        -: 6229:#if __cpp_impl_three_way_comparison < 201907L
        -: 6230:  /**
        -: 6231:    * @brief Return true if two piecewise linear distributions have
        -: 6232:    *        different parameters.
        -: 6233:   */
        -: 6234:  template<typename _RealType>
        -: 6235:    inline bool
        -: 6236:    operator!=(const std::piecewise_linear_distribution<_RealType>& __d1,
        -: 6237:	       const std::piecewise_linear_distribution<_RealType>& __d2)
        -: 6238:    { return !(__d1 == __d2); }
        -: 6239:#endif
        -: 6240:
        -: 6241:  /// @} group random_distributions_sampling
        -: 6242:
        -: 6243:  /// @} *group random_distributions
        -: 6244:
        -: 6245:  /**
        -: 6246:   * @addtogroup random_utilities Random Number Utilities
        -: 6247:   * @ingroup random
        -: 6248:   * @{
        -: 6249:   */
        -: 6250:
        -: 6251:  /**
        -: 6252:   * @brief The seed_seq class generates sequences of seeds for random
        -: 6253:   *        number generators.
        -: 6254:   *
        -: 6255:   * @headerfile random
        -: 6256:   * @since C++11
        -: 6257:   */
        -: 6258:  class seed_seq
        -: 6259:  {
        -: 6260:  public:
        -: 6261:    /** The type of the seed vales. */
        -: 6262:    typedef uint_least32_t result_type;
        -: 6263:
        -: 6264:    /** Default constructor. */
        -: 6265:    seed_seq() noexcept
        -: 6266:    : _M_v()
        -: 6267:    { }
        -: 6268:
        -: 6269:    template<typename _IntType, typename = _Require<is_integral<_IntType>>>
        -: 6270:      seed_seq(std::initializer_list<_IntType> __il);
        -: 6271:
        -: 6272:    template<typename _InputIterator>
        -: 6273:      seed_seq(_InputIterator __begin, _InputIterator __end);
        -: 6274:
        -: 6275:    // generating functions
        -: 6276:    template<typename _RandomAccessIterator>
        -: 6277:      void
        -: 6278:      generate(_RandomAccessIterator __begin, _RandomAccessIterator __end);
        -: 6279:
        -: 6280:    // property functions
        -: 6281:    size_t size() const noexcept
        -: 6282:    { return _M_v.size(); }
        -: 6283:
        -: 6284:    template<typename _OutputIterator>
        -: 6285:      void
        -: 6286:      param(_OutputIterator __dest) const
        -: 6287:      { std::copy(_M_v.begin(), _M_v.end(), __dest); }
        -: 6288:
        -: 6289:    // no copy functions
        -: 6290:    seed_seq(const seed_seq&) = delete;
        -: 6291:    seed_seq& operator=(const seed_seq&) = delete;
        -: 6292:
        -: 6293:  private:
        -: 6294:    std::vector<result_type> _M_v;
        -: 6295:  };
        -: 6296:
        -: 6297:  /// @} group random_utilities
        -: 6298:
        -: 6299:  /// @} group random
        -: 6300:
        -: 6301:_GLIBCXX_END_NAMESPACE_VERSION
        -: 6302:} // namespace std
        -: 6303:
        -: 6304:#endif
